2023-07-20 10:25:08.278 [info] Log level: Info
2023-07-20 10:25:08.278 [info] Validating found git in: "git"
2023-07-20 10:25:08.278 [info] Using git "2.25.1" from "git"
2023-07-20 10:25:08.279 [info] > git rev-parse --show-toplevel [19ms]
2023-07-20 10:25:08.279 [info] > git rev-parse --git-dir --git-common-dir [12ms]
2023-07-20 10:25:08.279 [info] Open repository: /home/tuandat
2023-07-20 10:25:08.279 [info] > git rev-parse --show-toplevel [21ms]
2023-07-20 10:25:08.279 [info] > git config --get commit.template [121ms]
2023-07-20 10:25:08.279 [info] > git rev-parse --show-toplevel [132ms]
2023-07-20 10:25:08.279 [info] > git for-each-ref --format=%(refname)%00%(upstream:short)%00%(objectname)%00%(upstream:track)%00%(upstream:remotename)%00%(upstream:remoteref) refs/heads/main refs/remotes/main [14ms]
2023-07-20 10:25:08.279 [info] > git status -z -uall [265ms]
2023-07-20 10:25:08.279 [info] > git for-each-ref --sort -committerdate --format %(refname) %(objectname) %(*objectname) [239ms]
2023-07-20 10:25:08.279 [info] > git check-ignore -v -z --stdin [1599ms]
2023-07-20 10:25:08.279 [info] > git config --get commit.template [56ms]
2023-07-20 10:25:08.279 [info] > git for-each-ref --format=%(refname)%00%(upstream:short)%00%(objectname)%00%(upstream:track)%00%(upstream:remotename)%00%(upstream:remoteref) refs/heads/main refs/remotes/main [8ms]
2023-07-20 10:25:08.279 [info] > git for-each-ref --sort -committerdate --format %(refname) %(objectname) %(*objectname) [16ms]
2023-07-20 10:25:08.279 [info] > git status -z -uall [60ms]
2023-07-20 10:25:08.314 [info] > git show --textconv :tuandat17/index.html [46ms]
2023-07-20 10:25:08.317 [info] > git ls-files --stage -- /home/tuandat/tuandat17/index.html [39ms]
2023-07-20 10:25:08.336 [info] > git cat-file -s 53b923449576e0f3b3757f7cc9e55474cf422984 [11ms]
2023-07-20 10:25:10.835 [info] > git config --get commit.template [2ms]
2023-07-20 10:25:10.845 [info] > git for-each-ref --format=%(refname)%00%(upstream:short)%00%(objectname)%00%(upstream:track)%00%(upstream:remotename)%00%(upstream:remoteref) refs/heads/main refs/remotes/main [2ms]
2023-07-20 10:25:10.866 [info] > git for-each-ref --sort -committerdate --format %(refname) %(objectname) %(*objectname) [2ms]
2023-07-20 10:25:10.895 [info] > git status -z -uall [41ms]
2023-07-20 10:25:16.003 [info] > git config --get commit.template [2ms]
2023-07-20 10:25:16.012 [info] > git for-each-ref --format=%(refname)%00%(upstream:short)%00%(objectname)%00%(upstream:track)%00%(upstream:remotename)%00%(upstream:remoteref) refs/heads/main refs/remotes/main [1ms]
2023-07-20 10:25:16.029 [info] > git for-each-ref --sort -committerdate --format %(refname) %(objectname) %(*objectname) [2ms]
2023-07-20 10:25:16.048 [info] > git status -z -uall [27ms]
2023-07-20 10:25:21.153 [info] > git config --get commit.template [2ms]
2023-07-20 10:25:21.164 [info] > git for-each-ref --format=%(refname)%00%(upstream:short)%00%(objectname)%00%(upstream:track)%00%(upstream:remotename)%00%(upstream:remoteref) refs/heads/main refs/remotes/main [2ms]
2023-07-20 10:25:21.184 [info] > git for-each-ref --sort -committerdate --format %(refname) %(objectname) %(*objectname) [2ms]
2023-07-20 10:25:21.200 [info] > git status -z -uall [27ms]
2023-07-20 10:25:26.309 [info] > git config --get commit.template [14ms]
2023-07-20 10:25:26.311 [info] > git for-each-ref --format=%(refname)%00%(upstream:short)%00%(objectname)%00%(upstream:track)%00%(upstream:remotename)%00%(upstream:remoteref) refs/heads/main refs/remotes/main [3ms]
2023-07-20 10:25:26.341 [info] > git for-each-ref --sort -committerdate --format %(refname) %(objectname) %(*objectname) [3ms]
2023-07-20 10:25:26.358 [info] > git status -z -uall [33ms]
2023-07-20 10:25:31.450 [info] > git config --get commit.template [2ms]
2023-07-20 10:25:31.461 [info] > git for-each-ref --format=%(refname)%00%(upstream:short)%00%(objectname)%00%(upstream:track)%00%(upstream:remotename)%00%(upstream:remoteref) refs/heads/main refs/remotes/main [1ms]
2023-07-20 10:25:31.479 [info] > git for-each-ref --sort -committerdate --format %(refname) %(objectname) %(*objectname) [2ms]
2023-07-20 10:25:31.497 [info] > git status -z -uall [28ms]
2023-07-20 10:25:36.592 [info] > git config --get commit.template [2ms]
2023-07-20 10:25:36.601 [info] > git for-each-ref --format=%(refname)%00%(upstream:short)%00%(objectname)%00%(upstream:track)%00%(upstream:remotename)%00%(upstream:remoteref) refs/heads/main refs/remotes/main [1ms]
2023-07-20 10:25:36.619 [info] > git for-each-ref --sort -committerdate --format %(refname) %(objectname) %(*objectname) [2ms]
2023-07-20 10:25:36.636 [info] > git status -z -uall [26ms]
2023-07-20 10:25:41.723 [info] > git config --get commit.template [2ms]
2023-07-20 10:25:41.733 [info] > git for-each-ref --format=%(refname)%00%(upstream:short)%00%(objectname)%00%(upstream:track)%00%(upstream:remotename)%00%(upstream:remoteref) refs/heads/main refs/remotes/main [1ms]
2023-07-20 10:25:41.750 [info] > git for-each-ref --sort -committerdate --format %(refname) %(objectname) %(*objectname) [2ms]
2023-07-20 10:25:41.768 [info] > git status -z -uall [28ms]
2023-07-20 10:25:46.861 [info] > git config --get commit.template [1ms]
2023-07-20 10:25:46.871 [info] > git for-each-ref --format=%(refname)%00%(upstream:short)%00%(objectname)%00%(upstream:track)%00%(upstream:remotename)%00%(upstream:remoteref) refs/heads/main refs/remotes/main [1ms]
2023-07-20 10:25:46.888 [info] > git for-each-ref --sort -committerdate --format %(refname) %(objectname) %(*objectname) [2ms]
2023-07-20 10:25:46.906 [info] > git status -z -uall [28ms]
2023-07-20 10:25:52.002 [info] > git config --get commit.template [1ms]
2023-07-20 10:25:52.012 [info] > git for-each-ref --format=%(refname)%00%(upstream:short)%00%(objectname)%00%(upstream:track)%00%(upstream:remotename)%00%(upstream:remoteref) refs/heads/main refs/remotes/main [2ms]
2023-07-20 10:25:52.030 [info] > git for-each-ref --sort -committerdate --format %(refname) %(objectname) %(*objectname) [3ms]
2023-07-20 10:25:52.047 [info] > git status -z -uall [27ms]
2023-07-20 10:25:57.139 [info] > git config --get commit.template [2ms]
2023-07-20 10:25:57.149 [info] > git for-each-ref --format=%(refname)%00%(upstream:short)%00%(objectname)%00%(upstream:track)%00%(upstream:remotename)%00%(upstream:remoteref) refs/heads/main refs/remotes/main [2ms]
2023-07-20 10:25:57.167 [info] > git for-each-ref --sort -committerdate --format %(refname) %(objectname) %(*objectname) [2ms]
2023-07-20 10:25:57.183 [info] > git status -z -uall [26ms]
2023-07-20 10:27:20.290 [info] > git config --get commit.template [10ms]
2023-07-20 10:27:20.293 [info] > git for-each-ref --format=%(refname)%00%(upstream:short)%00%(objectname)%00%(upstream:track)%00%(upstream:remotename)%00%(upstream:remoteref) refs/heads/main refs/remotes/main [4ms]
2023-07-20 10:27:20.307 [info] > git for-each-ref --sort -committerdate --format %(refname) %(objectname) %(*objectname) [3ms]
2023-07-20 10:27:20.342 [info] > git status -z -uall [43ms]
2023-07-20 10:28:51.137 [info] > git config --get commit.template [15ms]
2023-07-20 10:28:51.145 [info] > git for-each-ref --format=%(refname)%00%(upstream:short)%00%(objectname)%00%(upstream:track)%00%(upstream:remotename)%00%(upstream:remoteref) refs/heads/main refs/remotes/main [9ms]
2023-07-20 10:28:51.202 [info] > git for-each-ref --sort -committerdate --format %(refname) %(objectname) %(*objectname) [8ms]
2023-07-20 10:28:51.249 [info] > git status -z -uall [68ms]
2023-07-20 10:28:56.406 [info] > git config --get commit.template [1ms]
2023-07-20 10:28:56.417 [info] > git for-each-ref --format=%(refname)%00%(upstream:short)%00%(objectname)%00%(upstream:track)%00%(upstream:remotename)%00%(upstream:remoteref) refs/heads/main refs/remotes/main [2ms]
2023-07-20 10:28:56.434 [info] > git for-each-ref --sort -committerdate --format %(refname) %(objectname) %(*objectname) [2ms]
2023-07-20 10:28:56.454 [info] > git status -z -uall [30ms]
2023-07-20 10:29:01.572 [info] > git config --get commit.template [11ms]
2023-07-20 10:29:01.572 [info] > git for-each-ref --format=%(refname)%00%(upstream:short)%00%(objectname)%00%(upstream:track)%00%(upstream:remotename)%00%(upstream:remoteref) refs/heads/main refs/remotes/main [1ms]
2023-07-20 10:29:01.592 [info] > git for-each-ref --sort -committerdate --format %(refname) %(objectname) %(*objectname) [3ms]
2023-07-20 10:29:01.615 [info] > git status -z -uall [34ms]
2023-07-20 10:29:06.740 [info] > git config --get commit.template [10ms]
2023-07-20 10:29:06.746 [info] > git for-each-ref --format=%(refname)%00%(upstream:short)%00%(objectname)%00%(upstream:track)%00%(upstream:remotename)%00%(upstream:remoteref) refs/heads/main refs/remotes/main [7ms]
2023-07-20 10:29:06.765 [info] > git for-each-ref --sort -committerdate --format %(refname) %(objectname) %(*objectname) [2ms]
2023-07-20 10:29:06.792 [info] > git status -z -uall [37ms]
2023-07-20 10:29:11.910 [info] > git config --get commit.template [1ms]
2023-07-20 10:29:11.920 [info] > git for-each-ref --format=%(refname)%00%(upstream:short)%00%(objectname)%00%(upstream:track)%00%(upstream:remotename)%00%(upstream:remoteref) refs/heads/main refs/remotes/main [2ms]
2023-07-20 10:29:11.937 [info] > git for-each-ref --sort -committerdate --format %(refname) %(objectname) %(*objectname) [2ms]
2023-07-20 10:29:11.958 [info] > git status -z -uall [30ms]
2023-07-20 10:29:17.086 [info] > git config --get commit.template [10ms]
2023-07-20 10:29:17.086 [info] > git for-each-ref --format=%(refname)%00%(upstream:short)%00%(objectname)%00%(upstream:track)%00%(upstream:remotename)%00%(upstream:remoteref) refs/heads/main refs/remotes/main [1ms]
2023-07-20 10:29:17.107 [info] > git for-each-ref --sort -committerdate --format %(refname) %(objectname) %(*objectname) [2ms]
2023-07-20 10:29:17.125 [info] > git status -z -uall [29ms]
2023-07-20 10:29:22.234 [info] > git config --get commit.template [1ms]
2023-07-20 10:29:22.245 [info] > git for-each-ref --format=%(refname)%00%(upstream:short)%00%(objectname)%00%(upstream:track)%00%(upstream:remotename)%00%(upstream:remoteref) refs/heads/main refs/remotes/main [1ms]
2023-07-20 10:29:22.266 [info] > git for-each-ref --sort -committerdate --format %(refname) %(objectname) %(*objectname) [2ms]
2023-07-20 10:29:22.285 [info] > git status -z -uall [30ms]
2023-07-20 10:29:27.399 [info] > git config --get commit.template [1ms]
2023-07-20 10:29:27.412 [info] > git for-each-ref --format=%(refname)%00%(upstream:short)%00%(objectname)%00%(upstream:track)%00%(upstream:remotename)%00%(upstream:remoteref) refs/heads/main refs/remotes/main [2ms]
2023-07-20 10:29:27.436 [info] > git for-each-ref --sort -committerdate --format %(refname) %(objectname) %(*objectname) [2ms]
2023-07-20 10:29:27.453 [info] > git status -z -uall [30ms]
2023-07-20 10:29:32.604 [info] > git config --get commit.template [13ms]
2023-07-20 10:29:32.605 [info] > git for-each-ref --format=%(refname)%00%(upstream:short)%00%(objectname)%00%(upstream:track)%00%(upstream:remotename)%00%(upstream:remoteref) refs/heads/main refs/remotes/main [2ms]
2023-07-20 10:29:32.638 [info] > git for-each-ref --sort -committerdate --format %(refname) %(objectname) %(*objectname) [3ms]
2023-07-20 10:29:32.656 [info] > git status -z -uall [36ms]
2023-07-20 10:29:37.794 [info] > git config --get commit.template [1ms]
2023-07-20 10:29:37.806 [info] > git for-each-ref --format=%(refname)%00%(upstream:short)%00%(objectname)%00%(upstream:track)%00%(upstream:remotename)%00%(upstream:remoteref) refs/heads/main refs/remotes/main [1ms]
2023-07-20 10:29:37.828 [info] > git for-each-ref --sort -committerdate --format %(refname) %(objectname) %(*objectname) [2ms]
2023-07-20 10:29:37.846 [info] > git status -z -uall [30ms]
2023-07-20 10:29:42.975 [info] > git config --get commit.template [15ms]
2023-07-20 10:29:42.980 [info] > git for-each-ref --format=%(refname)%00%(upstream:short)%00%(objectname)%00%(upstream:track)%00%(upstream:remotename)%00%(upstream:remoteref) refs/heads/main refs/remotes/main [5ms]
2023-07-20 10:29:43.004 [info] > git for-each-ref --sort -committerdate --format %(refname) %(objectname) %(*objectname) [2ms]
2023-07-20 10:29:43.024 [info] > git status -z -uall [33ms]
2023-07-20 10:29:48.136 [info] > git config --get commit.template [2ms]
2023-07-20 10:29:48.146 [info] > git for-each-ref --format=%(refname)%00%(upstream:short)%00%(objectname)%00%(upstream:track)%00%(upstream:remotename)%00%(upstream:remoteref) refs/heads/main refs/remotes/main [1ms]
2023-07-20 10:29:48.165 [info] > git for-each-ref --sort -committerdate --format %(refname) %(objectname) %(*objectname) [2ms]
2023-07-20 10:29:48.185 [info] > git status -z -uall [30ms]
2023-07-20 10:29:51.597 [info] > git check-ignore -v -z --stdin [2ms]
2023-07-20 10:29:53.328 [info] > git config --get commit.template [14ms]
2023-07-20 10:29:53.332 [info] > git for-each-ref --format=%(refname)%00%(upstream:short)%00%(objectname)%00%(upstream:track)%00%(upstream:remotename)%00%(upstream:remoteref) refs/heads/main refs/remotes/main [5ms]
2023-07-20 10:29:53.391 [info] > git for-each-ref --sort -committerdate --format %(refname) %(objectname) %(*objectname) [3ms]
2023-07-20 10:29:53.440 [info] > git status -z -uall [62ms]
2023-07-20 10:29:58.694 [info] > git config --get commit.template [2ms]
2023-07-20 10:29:58.706 [info] > git for-each-ref --format=%(refname)%00%(upstream:short)%00%(objectname)%00%(upstream:track)%00%(upstream:remotename)%00%(upstream:remoteref) refs/heads/main refs/remotes/main [1ms]
2023-07-20 10:29:58.749 [info] > git for-each-ref --sort -committerdate --format %(refname) %(objectname) %(*objectname) [5ms]
2023-07-20 10:29:58.761 [info] > git status -z -uall [42ms]
2023-07-20 10:30:06.020 [info] > git config --get commit.template [29ms]
2023-07-20 10:30:06.031 [info] > git for-each-ref --format=%(refname)%00%(upstream:short)%00%(objectname)%00%(upstream:track)%00%(upstream:remotename)%00%(upstream:remoteref) refs/heads/main refs/remotes/main [5ms]
2023-07-20 10:30:06.090 [info] > git for-each-ref --sort -committerdate --format %(refname) %(objectname) %(*objectname) [4ms]
2023-07-20 10:30:06.180 [info] > git status -z -uall [112ms]
2023-07-20 10:30:15.191 [info] > git config --get commit.template [11ms]
2023-07-20 10:30:15.191 [info] > git for-each-ref --format=%(refname)%00%(upstream:short)%00%(objectname)%00%(upstream:track)%00%(upstream:remotename)%00%(upstream:remoteref) refs/heads/main refs/remotes/main [2ms]
2023-07-20 10:30:15.213 [info] > git for-each-ref --sort -committerdate --format %(refname) %(objectname) %(*objectname) [4ms]
2023-07-20 10:30:15.282 [info] > git status -z -uall [81ms] (cancelled)
2023-07-20 10:49:30.254 [info] > git ls-files --stage -- /home/tuandat/tuandat17/index.html [2ms]
2023-07-20 10:49:30.263 [info] > git cat-file -s 53b923449576e0f3b3757f7cc9e55474cf422984 [2ms]
2023-07-20 10:49:30.275 [info] > git show --textconv :tuandat17/index.html [1ms]
2023-07-20 10:49:59.733 [info] > git ls-files --stage -- /home/tuandat/tuandat17/index.html [2ms]
2023-07-20 10:49:59.741 [info] > git cat-file -s b65076bc5c9625730ce38577ca0e6d6f46105ecf [2ms]
2023-07-20 10:49:59.751 [info] > git show --textconv :tuandat17/index.html [1ms]
2023-07-20 10:50:16.057 [info] > git ls-files --stage -- /home/tuandat/tuandat17/index.html [2ms]
2023-07-20 10:50:16.065 [info] > git cat-file -s b65076bc5c9625730ce38577ca0e6d6f46105ecf [1ms]
2023-07-20 10:50:16.079 [info] > git show --textconv :tuandat17/index.html [4ms]
2023-07-20 10:50:52.917 [info] > git ls-files --stage -- /home/tuandat/tuandat17/index.html [1ms]
2023-07-20 10:50:52.925 [info] > git cat-file -s b65076bc5c9625730ce38577ca0e6d6f46105ecf [1ms]
2023-07-20 10:50:52.938 [info] > git show --textconv :tuandat17/index.html [2ms]
2023-07-20 14:59:46.533 [info] > git ls-files --stage -- /home/tuandat/tuandat17/index.html [1ms]
2023-07-20 14:59:46.541 [info] > git cat-file -s b65076bc5c9625730ce38577ca0e6d6f46105ecf [1ms]
2023-07-20 14:59:46.553 [info] > git show --textconv :tuandat17/index.html [2ms]
2023-07-20 15:00:26.775 [info] > git ls-files --stage -- /home/tuandat/tuandat17/index.html [2ms]
2023-07-20 15:00:26.783 [info] > git cat-file -s 1bbb833d02ba83a27d942946481da500cb8769e6 [1ms]
2023-07-20 15:00:26.795 [info] > git show --textconv :tuandat17/index.html [1ms]
2023-07-20 15:00:55.919 [info] > git ls-files --stage -- /home/tuandat/tuandat17/index.html [1ms]
2023-07-20 15:00:55.926 [info] > git cat-file -s 1bbb833d02ba83a27d942946481da500cb8769e6 [1ms]
2023-07-20 15:00:55.938 [info] > git show --textconv :tuandat17/index.html [2ms]
2023-07-20 15:01:08.655 [info] > git ls-files --stage -- /home/tuandat/tuandat17/index.html [3ms]
2023-07-20 15:01:08.662 [info] > git cat-file -s 1bbb833d02ba83a27d942946481da500cb8769e6 [1ms]
2023-07-20 15:01:08.673 [info] > git show --textconv :tuandat17/index.html [1ms]
2023-07-20 15:01:29.046 [info] > git ls-files --stage -- /home/tuandat/tuandat17/index.html [2ms]
2023-07-20 15:01:29.054 [info] > git cat-file -s 1bbb833d02ba83a27d942946481da500cb8769e6 [1ms]
2023-07-20 15:01:29.067 [info] > git show --textconv :tuandat17/index.html [2ms]
