2023-07-20 10:25:02.749 [info] Extension host with pid 27441 started
2023-07-20 10:25:02.749 [info] Skipping acquiring lock for /home/tuandat/.config/Code/User/workspaceStorage/a49952be7ea77603679c2a3e223784e5.
2023-07-20 10:25:03.080 [info] ExtensionService#_doActivateExtension vscode.html-language-features, startup: false, activationEvent: 'onLanguage:html'
2023-07-20 10:25:03.080 [info] ExtensionService#_doActivateExtension vscode.microsoft-authentication, startup: false, activationEvent: 'onAuthenticationRequest:microsoft'
2023-07-20 10:25:03.081 [info] ExtensionService#_doActivateExtension vscode.git-base, startup: true, activationEvent: '*', root cause: vscode.git
2023-07-20 10:25:03.373 [info] ExtensionService#_doActivateExtension vscode.git, startup: true, activationEvent: '*'
2023-07-20 10:25:03.373 [info] ExtensionService#_doActivateExtension vscode.github, startup: true, activationEvent: '*'
2023-07-20 10:25:03.920 [info] Eager extensions activated
2023-07-20 10:25:04.113 [info] ExtensionService#_doActivateExtension vscode.debug-auto-launch, startup: false, activationEvent: 'onStartupFinished'
2023-07-20 10:25:04.121 [info] ExtensionService#_doActivateExtension vscode.emmet, startup: false, activationEvent: 'onStartupFinished'
2023-07-20 10:25:04.121 [info] ExtensionService#_doActivateExtension vscode.merge-conflict, startup: false, activationEvent: 'onStartupFinished'
2023-07-20 10:25:04.319 [info] ExtensionService#_doActivateExtension vscode.github-authentication, startup: false, activationEvent: 'onAuthenticationRequest:github'
2023-07-20 10:25:05.038 [warning] [Decorations] CAPPING events from decorations provider vscode.git 5927
2023-07-20 10:25:07.005 [warning] [Decorations] CAPPING events from decorations provider vscode.git 5929
2023-07-20 10:25:10.978 [warning] [Decorations] CAPPING events from decorations provider vscode.git 5930
2023-07-20 10:25:16.126 [warning] [Decorations] CAPPING events from decorations provider vscode.git 5930
2023-07-20 10:25:21.274 [warning] [Decorations] CAPPING events from decorations provider vscode.git 5930
2023-07-20 10:25:26.427 [warning] [Decorations] CAPPING events from decorations provider vscode.git 5930
2023-07-20 10:25:31.564 [warning] [Decorations] CAPPING events from decorations provider vscode.git 5930
2023-07-20 10:25:36.701 [warning] [Decorations] CAPPING events from decorations provider vscode.git 5930
2023-07-20 10:25:41.838 [warning] [Decorations] CAPPING events from decorations provider vscode.git 5930
2023-07-20 10:25:46.975 [warning] [Decorations] CAPPING events from decorations provider vscode.git 5930
2023-07-20 10:25:52.115 [warning] [Decorations] CAPPING events from decorations provider vscode.git 5930
2023-07-20 10:25:57.246 [warning] [Decorations] CAPPING events from decorations provider vscode.git 5930
2023-07-20 10:27:20.431 [warning] [Decorations] CAPPING events from decorations provider vscode.git 6385
2023-07-20 10:28:51.381 [warning] [Decorations] CAPPING events from decorations provider vscode.git 7151
2023-07-20 10:28:56.535 [warning] [Decorations] CAPPING events from decorations provider vscode.git 7150
2023-07-20 10:29:01.700 [warning] [Decorations] CAPPING events from decorations provider vscode.git 7150
2023-07-20 10:29:06.880 [warning] [Decorations] CAPPING events from decorations provider vscode.git 7151
2023-07-20 10:29:12.044 [warning] [Decorations] CAPPING events from decorations provider vscode.git 7151
2023-07-20 10:29:17.209 [warning] [Decorations] CAPPING events from decorations provider vscode.git 7151
2023-07-20 10:29:22.372 [warning] [Decorations] CAPPING events from decorations provider vscode.git 7151
2023-07-20 10:29:27.569 [warning] [Decorations] CAPPING events from decorations provider vscode.git 7151
2023-07-20 10:29:32.762 [warning] [Decorations] CAPPING events from decorations provider vscode.git 7151
2023-07-20 10:29:37.932 [warning] [Decorations] CAPPING events from decorations provider vscode.git 7151
2023-07-20 10:29:43.107 [warning] [Decorations] CAPPING events from decorations provider vscode.git 7166
2023-07-20 10:29:48.273 [warning] [Decorations] CAPPING events from decorations provider vscode.git 7166
2023-07-20 10:29:53.648 [warning] [Decorations] CAPPING events from decorations provider vscode.git 7169
2023-07-20 10:29:58.876 [warning] [Decorations] CAPPING events from decorations provider vscode.git 7190
2023-07-20 10:30:06.363 [warning] [Decorations] CAPPING events from decorations provider vscode.git 7546
2023-07-20 10:30:13.834 [info] ExtensionService#_doActivateExtension ritwickdey.LiveServer, startup: false, activationEvent: 'onStartupFinished'
