2023-07-20 09:46:52.634 [info] Extension host with pid 23122 started
2023-07-20 09:46:53.046 [info] ExtensionService#_doActivateExtension vscode.microsoft-authentication, startup: false, activationEvent: 'onAuthenticationRequest:microsoft'
2023-07-20 09:46:53.047 [info] ExtensionService#_doActivateExtension vscode.git-base, startup: true, activationEvent: '*', root cause: vscode.git
2023-07-20 09:46:53.274 [info] ExtensionService#_doActivateExtension vscode.git, startup: true, activationEvent: '*'
2023-07-20 09:46:53.274 [info] ExtensionService#_doActivateExtension vscode.github, startup: true, activationEvent: '*'
2023-07-20 09:46:53.730 [info] Eager extensions activated
2023-07-20 09:46:53.829 [info] ExtensionService#_doActivateExtension vscode.debug-auto-launch, startup: false, activationEvent: 'onStartupFinished'
2023-07-20 09:46:53.830 [info] ExtensionService#_doActivateExtension vscode.emmet, startup: false, activationEvent: 'onStartupFinished'
2023-07-20 09:46:53.830 [info] ExtensionService#_doActivateExtension vscode.merge-conflict, startup: false, activationEvent: 'onStartupFinished'
2023-07-20 09:46:54.104 [info] ExtensionService#_doActivateExtension vscode.github-authentication, startup: false, activationEvent: 'onAuthenticationRequest:github'
2023-07-20 09:56:22.252 [info] Extension host terminating: received terminate message from renderer
2023-07-20 09:56:22.278 [info] Extension host with pid 23122 exiting with code 0
2023-07-20 09:56:24.884 [info] Extension host with pid 23498 started
2023-07-20 09:56:24.884 [info] Skipping acquiring lock for /home/tuandat/.config/Code/User/workspaceStorage/a49952be7ea77603679c2a3e223784e5.
2023-07-20 09:56:25.154 [info] ExtensionService#_doActivateExtension vscode.microsoft-authentication, startup: false, activationEvent: 'onAuthenticationRequest:microsoft'
2023-07-20 09:56:25.154 [info] ExtensionService#_doActivateExtension vscode.git-base, startup: true, activationEvent: '*'
2023-07-20 09:56:25.342 [info] ExtensionService#_doActivateExtension vscode.github, startup: true, activationEvent: '*'
2023-07-20 09:56:25.380 [info] Eager extensions activated
2023-07-20 09:56:25.407 [info] ExtensionService#_doActivateExtension vscode.debug-auto-launch, startup: false, activationEvent: 'onStartupFinished'
2023-07-20 09:56:25.407 [info] ExtensionService#_doActivateExtension vscode.emmet, startup: false, activationEvent: 'onStartupFinished'
2023-07-20 09:56:25.407 [info] ExtensionService#_doActivateExtension vscode.merge-conflict, startup: false, activationEvent: 'onStartupFinished'
2023-07-20 09:56:25.448 [info] ExtensionService#_doActivateExtension vscode.github-authentication, startup: false, activationEvent: 'onAuthenticationRequest:github'
2023-07-20 09:56:28.373 [info] ExtensionService#_doActivateExtension vscode.git, startup: false, activationEvent: 'api', root cause: vscode.github
2023-07-20 09:56:37.361 [info] ExtensionService#_doActivateExtension vscode.html-language-features, startup: false, activationEvent: 'onLanguage:html'
2023-07-20 10:10:46.657 [info] Extension host terminating: received terminate message from renderer
2023-07-20 10:10:46.737 [info] Extension host with pid 23498 exiting with code 0
