2023-07-20 10:10:56.642 [info] Reading sessions from keychain...
2023-07-20 10:10:56.642 [info] Getting sessions for user:email...
2023-07-20 10:10:56.642 [info] Getting sessions for all scopes...
2023-07-20 10:10:56.642 [info] Got 0 sessions for user:email...
2023-07-20 10:10:56.642 [info] Got 0 sessions for ...
2023-07-20 10:18:01.841 [info] Getting sessions for read:user,repo,user:email,workflow...
2023-07-20 10:18:01.841 [info] Got 0 sessions for read:user,repo,user:email,workflow...
2023-07-20 10:18:06.458 [info] Logging in for the following scopes: read:user repo user:email workflow
2023-07-20 10:18:06.478 [info] Trying without local server... (read:user repo user:email workflow)
2023-07-20 10:18:18.015 [info] Exchanging code for token...
2023-07-20 10:18:19.636 [info] Token exchange success!
2023-07-20 10:18:19.637 [info] Getting user info...
2023-07-20 10:18:20.220 [info] Got account info!
2023-07-20 10:18:20.221 [info] Storing 1 sessions...
2023-07-20 10:18:20.249 [info] Reading sessions from keychain...
2023-07-20 10:18:20.249 [info] Stored 1 sessions!
2023-07-20 10:18:20.249 [info] Login success!
2023-07-20 10:18:20.261 [info] Getting sessions for user:email...
2023-07-20 10:18:20.261 [info] Got stored sessions!
2023-07-20 10:18:20.261 [info] Got 1 verified sessions.
2023-07-20 10:18:20.261 [info] Got 0 sessions for user:email...
2023-07-20 10:21:34.715 [info] Getting sessions for read:user,repo,user:email,workflow...
2023-07-20 10:21:34.715 [info] Got 1 sessions for read:user,repo,user:email,workflow...
2023-07-20 10:23:18.240 [info] Getting sessions for read:user,repo,user:email,workflow...
2023-07-20 10:23:18.240 [info] Got 1 sessions for read:user,repo,user:email,workflow...
