2023-07-20 10:10:53.233 [info] Log level: Info
2023-07-20 10:10:53.233 [info] Validating found git in: "git"
2023-07-20 10:10:53.233 [info] Using git "2.25.1" from "git"
2023-07-20 10:10:53.233 [info] > git rev-parse --show-toplevel [14ms]
2023-07-20 10:10:53.233 [info] > git rev-parse --git-dir --git-common-dir [3ms]
2023-07-20 10:10:53.233 [info] Open repository: /home/tuandat
2023-07-20 10:10:53.233 [info] > git rev-parse --show-toplevel [9ms]
2023-07-20 10:10:53.234 [warning] No remotes found in the git config file.
2023-07-20 10:10:53.234 [info] > git for-each-ref --format=%(refname)%00%(upstream:short)%00%(objectname)%00%(upstream:track)%00%(upstream:remotename)%00%(upstream:remoteref) refs/heads/master refs/remotes/master [166ms]
2023-07-20 10:10:53.257 [info] > git config --get commit.template [185ms]
2023-07-20 10:10:53.274 [info] > git remote --verbose [187ms]
2023-07-20 10:10:53.329 [info] > git for-each-ref --sort -committerdate --format %(refname) %(objectname) %(*objectname) [5ms]
2023-07-20 10:10:53.421 [info] > git status -z -uall [112ms]
2023-07-20 10:10:55.236 [info] > git config --get commit.template [74ms]
2023-07-20 10:10:55.269 [warning] No remotes found in the git config file.
2023-07-20 10:10:55.272 [info] > git check-ignore -v -z --stdin [39ms]
2023-07-20 10:10:55.276 [info] > git remote --verbose [7ms]
2023-07-20 10:10:55.276 [info] > git for-each-ref --format=%(refname)%00%(upstream:short)%00%(objectname)%00%(upstream:track)%00%(upstream:remotename)%00%(upstream:remoteref) refs/heads/master refs/remotes/master [16ms]
2023-07-20 10:10:55.313 [info] > git for-each-ref --sort -committerdate --format %(refname) %(objectname) %(*objectname) [1ms]
2023-07-20 10:10:55.325 [info] > git status -z -uall [36ms]
2023-07-20 10:10:56.662 [info] > git show --textconv :tuandat17/index.html [32ms]
2023-07-20 10:10:56.664 [info] > git ls-files --stage -- /home/tuandat/tuandat17/index.html [23ms]
2023-07-20 10:10:56.711 [info] > git cat-file -s e69de29bb2d1d6434b8b29ae775ad8c2e48c5391 [21ms]
2023-07-20 10:10:57.837 [info] > git config --get commit.template [1ms]
2023-07-20 10:10:57.856 [warning] No remotes found in the git config file.
2023-07-20 10:10:57.857 [info] > git for-each-ref --format=%(refname)%00%(upstream:short)%00%(objectname)%00%(upstream:track)%00%(upstream:remotename)%00%(upstream:remoteref) refs/heads/master refs/remotes/master [9ms]
2023-07-20 10:10:57.857 [info] > git remote --verbose [2ms]
2023-07-20 10:10:57.874 [info] > git for-each-ref --sort -committerdate --format %(refname) %(objectname) %(*objectname) [2ms]
2023-07-20 10:10:57.897 [info] > git status -z -uall [33ms]
2023-07-20 10:11:03.017 [warning] No remotes found in the git config file.
2023-07-20 10:11:03.018 [info] > git for-each-ref --format=%(refname)%00%(upstream:short)%00%(objectname)%00%(upstream:track)%00%(upstream:remotename)%00%(upstream:remoteref) refs/heads/master refs/remotes/master [8ms]
2023-07-20 10:11:03.018 [info] > git config --get commit.template [17ms]
2023-07-20 10:11:03.018 [info] > git remote --verbose [2ms]
2023-07-20 10:11:03.035 [info] > git for-each-ref --sort -committerdate --format %(refname) %(objectname) %(*objectname) [2ms]
2023-07-20 10:11:03.052 [info] > git status -z -uall [26ms]
2023-07-20 10:11:08.140 [info] > git config --get commit.template [1ms]
2023-07-20 10:11:08.158 [warning] No remotes found in the git config file.
2023-07-20 10:11:08.158 [info] > git for-each-ref --format=%(refname)%00%(upstream:short)%00%(objectname)%00%(upstream:track)%00%(upstream:remotename)%00%(upstream:remoteref) refs/heads/master refs/remotes/master [9ms]
2023-07-20 10:11:08.158 [info] > git remote --verbose [1ms]
2023-07-20 10:11:08.177 [info] > git for-each-ref --sort -committerdate --format %(refname) %(objectname) %(*objectname) [2ms]
2023-07-20 10:11:08.192 [info] > git status -z -uall [25ms]
2023-07-20 10:11:13.285 [info] > git config --get commit.template [1ms]
2023-07-20 10:11:13.299 [warning] No remotes found in the git config file.
2023-07-20 10:11:13.299 [info] > git for-each-ref --format=%(refname)%00%(upstream:short)%00%(objectname)%00%(upstream:track)%00%(upstream:remotename)%00%(upstream:remoteref) refs/heads/master refs/remotes/master [7ms]
2023-07-20 10:11:13.300 [info] > git remote --verbose [1ms]
2023-07-20 10:11:13.315 [info] > git for-each-ref --sort -committerdate --format %(refname) %(objectname) %(*objectname) [2ms]
2023-07-20 10:11:13.332 [info] > git status -z -uall [26ms]
2023-07-20 10:11:18.414 [info] > git config --get commit.template [2ms]
2023-07-20 10:11:18.429 [warning] No remotes found in the git config file.
2023-07-20 10:11:18.430 [info] > git for-each-ref --format=%(refname)%00%(upstream:short)%00%(objectname)%00%(upstream:track)%00%(upstream:remotename)%00%(upstream:remoteref) refs/heads/master refs/remotes/master [8ms]
2023-07-20 10:11:18.430 [info] > git remote --verbose [1ms]
2023-07-20 10:11:18.446 [info] > git for-each-ref --sort -committerdate --format %(refname) %(objectname) %(*objectname) [1ms]
2023-07-20 10:11:18.468 [info] > git status -z -uall [31ms]
2023-07-20 10:11:19.402 [info] > git ls-files --stage -- /home/tuandat/tuandat17/index.html [2ms]
2023-07-20 10:11:19.423 [info] > git cat-file -s e69de29bb2d1d6434b8b29ae775ad8c2e48c5391 [10ms]
2023-07-20 10:11:19.448 [info] > git show --textconv :tuandat17/index.html [13ms]
2023-07-20 10:11:23.556 [info] > git config --get commit.template [1ms]
2023-07-20 10:11:23.569 [warning] No remotes found in the git config file.
2023-07-20 10:11:23.570 [info] > git for-each-ref --format=%(refname)%00%(upstream:short)%00%(objectname)%00%(upstream:track)%00%(upstream:remotename)%00%(upstream:remoteref) refs/heads/master refs/remotes/master [7ms]
2023-07-20 10:11:23.570 [info] > git remote --verbose [1ms]
2023-07-20 10:11:23.585 [info] > git for-each-ref --sort -committerdate --format %(refname) %(objectname) %(*objectname) [2ms]
2023-07-20 10:11:23.602 [info] > git status -z -uall [25ms]
2023-07-20 10:11:53.206 [warning] No remotes found in the git config file.
2023-07-20 10:11:53.208 [info] > git for-each-ref --format=%(refname)%00%(upstream:short)%00%(objectname)%00%(upstream:track)%00%(upstream:remotename)%00%(upstream:remoteref) refs/heads/master refs/remotes/master [9ms]
2023-07-20 10:11:53.209 [info] > git config --get commit.template [19ms]
2023-07-20 10:11:53.209 [info] > git remote --verbose [3ms]
2023-07-20 10:11:53.224 [info] > git for-each-ref --sort -committerdate --format %(refname) %(objectname) %(*objectname) [2ms]
2023-07-20 10:11:53.256 [info] > git status -z -uall [40ms]
2023-07-20 10:11:58.350 [info] > git config --get commit.template [2ms]
2023-07-20 10:11:58.366 [warning] No remotes found in the git config file.
2023-07-20 10:11:58.367 [info] > git for-each-ref --format=%(refname)%00%(upstream:short)%00%(objectname)%00%(upstream:track)%00%(upstream:remotename)%00%(upstream:remoteref) refs/heads/master refs/remotes/master [9ms]
2023-07-20 10:11:58.367 [info] > git remote --verbose [1ms]
2023-07-20 10:11:58.385 [info] > git for-each-ref --sort -committerdate --format %(refname) %(objectname) %(*objectname) [2ms]
2023-07-20 10:11:58.405 [info] > git status -z -uall [30ms]
2023-07-20 10:12:02.388 [info] > git ls-files --stage -- /home/tuandat/tuandat17/index.html [1ms]
2023-07-20 10:12:02.397 [info] > git cat-file -s e69de29bb2d1d6434b8b29ae775ad8c2e48c5391 [1ms]
2023-07-20 10:12:02.411 [info] > git show --textconv :tuandat17/index.html [2ms]
2023-07-20 10:12:03.492 [info] > git config --get commit.template [1ms]
2023-07-20 10:12:03.502 [info] > git for-each-ref --format=%(refname)%00%(upstream:short)%00%(objectname)%00%(upstream:track)%00%(upstream:remotename)%00%(upstream:remoteref) refs/heads/master refs/remotes/master [1ms]
2023-07-20 10:12:03.520 [info] > git for-each-ref --sort -committerdate --format %(refname) %(objectname) %(*objectname) [2ms]
2023-07-20 10:12:03.536 [info] > git status -z -uall [25ms]
2023-07-20 10:12:08.636 [info] > git config --get commit.template [21ms]
2023-07-20 10:12:08.639 [info] > git for-each-ref --format=%(refname)%00%(upstream:short)%00%(objectname)%00%(upstream:track)%00%(upstream:remotename)%00%(upstream:remoteref) refs/heads/master refs/remotes/master [4ms]
2023-07-20 10:12:08.666 [info] > git for-each-ref --sort -committerdate --format %(refname) %(objectname) %(*objectname) [5ms]
2023-07-20 10:12:08.706 [info] > git status -z -uall [58ms]
2023-07-20 10:12:13.817 [info] > git config --get commit.template [2ms]
2023-07-20 10:12:13.825 [info] > git for-each-ref --format=%(refname)%00%(upstream:short)%00%(objectname)%00%(upstream:track)%00%(upstream:remotename)%00%(upstream:remoteref) refs/heads/master refs/remotes/master [1ms]
2023-07-20 10:12:13.840 [info] > git for-each-ref --sort -committerdate --format %(refname) %(objectname) %(*objectname) [2ms]
2023-07-20 10:12:13.857 [info] > git status -z -uall [25ms]
2023-07-20 10:12:18.939 [info] > git config --get commit.template [1ms]
2023-07-20 10:12:18.948 [info] > git for-each-ref --format=%(refname)%00%(upstream:short)%00%(objectname)%00%(upstream:track)%00%(upstream:remotename)%00%(upstream:remoteref) refs/heads/master refs/remotes/master [1ms]
2023-07-20 10:12:18.965 [info] > git for-each-ref --sort -committerdate --format %(refname) %(objectname) %(*objectname) [2ms]
2023-07-20 10:12:18.983 [info] > git status -z -uall [27ms]
2023-07-20 10:12:24.072 [info] > git config --get commit.template [8ms]
2023-07-20 10:12:24.073 [info] > git for-each-ref --format=%(refname)%00%(upstream:short)%00%(objectname)%00%(upstream:track)%00%(upstream:remotename)%00%(upstream:remoteref) refs/heads/master refs/remotes/master [1ms]
2023-07-20 10:12:24.088 [info] > git for-each-ref --sort -committerdate --format %(refname) %(objectname) %(*objectname) [2ms]
2023-07-20 10:12:24.106 [info] > git status -z -uall [26ms]
2023-07-20 10:12:47.667 [info] > git config --get commit.template [11ms]
2023-07-20 10:12:47.668 [info] > git for-each-ref --format=%(refname)%00%(upstream:short)%00%(objectname)%00%(upstream:track)%00%(upstream:remotename)%00%(upstream:remoteref) refs/heads/master refs/remotes/master [2ms]
2023-07-20 10:12:47.680 [info] > git for-each-ref --sort -committerdate --format %(refname) %(objectname) %(*objectname) [2ms]
2023-07-20 10:12:47.714 [info] > git status -z -uall [41ms]
2023-07-20 10:12:52.808 [info] > git config --get commit.template [2ms]
2023-07-20 10:12:52.817 [info] > git for-each-ref --format=%(refname)%00%(upstream:short)%00%(objectname)%00%(upstream:track)%00%(upstream:remotename)%00%(upstream:remoteref) refs/heads/master refs/remotes/master [1ms]
2023-07-20 10:12:52.832 [info] > git for-each-ref --sort -committerdate --format %(refname) %(objectname) %(*objectname) [2ms]
2023-07-20 10:12:52.854 [info] > git status -z -uall [30ms]
2023-07-20 10:12:57.953 [info] > git config --get commit.template [9ms]
2023-07-20 10:12:57.953 [info] > git for-each-ref --format=%(refname)%00%(upstream:short)%00%(objectname)%00%(upstream:track)%00%(upstream:remotename)%00%(upstream:remoteref) refs/heads/master refs/remotes/master [1ms]
2023-07-20 10:12:57.972 [info] > git for-each-ref --sort -committerdate --format %(refname) %(objectname) %(*objectname) [2ms]
2023-07-20 10:12:57.987 [info] > git status -z -uall [26ms]
2023-07-20 10:13:03.083 [info] > git config --get commit.template [9ms]
2023-07-20 10:13:03.083 [info] > git for-each-ref --format=%(refname)%00%(upstream:short)%00%(objectname)%00%(upstream:track)%00%(upstream:remotename)%00%(upstream:remoteref) refs/heads/master refs/remotes/master [1ms]
2023-07-20 10:13:03.100 [info] > git for-each-ref --sort -committerdate --format %(refname) %(objectname) %(*objectname) [2ms]
2023-07-20 10:13:03.117 [info] > git status -z -uall [25ms]
2023-07-20 10:13:08.214 [info] > git config --get commit.template [8ms]
2023-07-20 10:13:08.219 [info] > git for-each-ref --format=%(refname)%00%(upstream:short)%00%(objectname)%00%(upstream:track)%00%(upstream:remotename)%00%(upstream:remoteref) refs/heads/master refs/remotes/master [6ms]
2023-07-20 10:13:08.235 [info] > git for-each-ref --sort -committerdate --format %(refname) %(objectname) %(*objectname) [2ms]
2023-07-20 10:13:08.253 [info] > git status -z -uall [26ms]
2023-07-20 10:13:13.341 [info] > git config --get commit.template [2ms]
2023-07-20 10:13:13.351 [info] > git for-each-ref --format=%(refname)%00%(upstream:short)%00%(objectname)%00%(upstream:track)%00%(upstream:remotename)%00%(upstream:remoteref) refs/heads/master refs/remotes/master [1ms]
2023-07-20 10:13:13.370 [info] > git for-each-ref --sort -committerdate --format %(refname) %(objectname) %(*objectname) [2ms]
2023-07-20 10:13:13.385 [info] > git status -z -uall [25ms]
2023-07-20 10:13:18.471 [info] > git config --get commit.template [2ms]
2023-07-20 10:13:18.480 [info] > git for-each-ref --format=%(refname)%00%(upstream:short)%00%(objectname)%00%(upstream:track)%00%(upstream:remotename)%00%(upstream:remoteref) refs/heads/master refs/remotes/master [1ms]
2023-07-20 10:13:18.496 [info] > git for-each-ref --sort -committerdate --format %(refname) %(objectname) %(*objectname) [2ms]
2023-07-20 10:13:18.512 [info] > git status -z -uall [25ms]
2023-07-20 10:13:23.604 [info] > git config --get commit.template [10ms]
2023-07-20 10:13:23.604 [info] > git for-each-ref --format=%(refname)%00%(upstream:short)%00%(objectname)%00%(upstream:track)%00%(upstream:remotename)%00%(upstream:remoteref) refs/heads/master refs/remotes/master [1ms]
2023-07-20 10:13:23.628 [info] > git for-each-ref --sort -committerdate --format %(refname) %(objectname) %(*objectname) [2ms]
2023-07-20 10:13:23.644 [info] > git status -z -uall [26ms]
2023-07-20 10:13:28.732 [info] > git config --get commit.template [1ms]
2023-07-20 10:13:28.741 [info] > git for-each-ref --format=%(refname)%00%(upstream:short)%00%(objectname)%00%(upstream:track)%00%(upstream:remotename)%00%(upstream:remoteref) refs/heads/master refs/remotes/master [2ms]
2023-07-20 10:13:28.757 [info] > git for-each-ref --sort -committerdate --format %(refname) %(objectname) %(*objectname) [2ms]
2023-07-20 10:13:28.773 [info] > git status -z -uall [25ms]
2023-07-20 10:13:33.855 [info] > git config --get commit.template [1ms]
2023-07-20 10:13:33.866 [info] > git for-each-ref --format=%(refname)%00%(upstream:short)%00%(objectname)%00%(upstream:track)%00%(upstream:remotename)%00%(upstream:remoteref) refs/heads/master refs/remotes/master [1ms]
2023-07-20 10:13:33.885 [info] > git for-each-ref --sort -committerdate --format %(refname) %(objectname) %(*objectname) [1ms]
2023-07-20 10:13:33.902 [info] > git status -z -uall [27ms]
2023-07-20 10:13:38.993 [info] > git config --get commit.template [2ms]
2023-07-20 10:13:39.003 [info] > git for-each-ref --format=%(refname)%00%(upstream:short)%00%(objectname)%00%(upstream:track)%00%(upstream:remotename)%00%(upstream:remoteref) refs/heads/master refs/remotes/master [1ms]
2023-07-20 10:13:39.023 [info] > git for-each-ref --sort -committerdate --format %(refname) %(objectname) %(*objectname) [2ms]
2023-07-20 10:13:39.038 [info] > git status -z -uall [26ms]
2023-07-20 10:13:44.137 [info] > git config --get commit.template [11ms]
2023-07-20 10:13:44.137 [info] > git for-each-ref --format=%(refname)%00%(upstream:short)%00%(objectname)%00%(upstream:track)%00%(upstream:remotename)%00%(upstream:remoteref) refs/heads/master refs/remotes/master [1ms]
2023-07-20 10:13:44.159 [info] > git for-each-ref --sort -committerdate --format %(refname) %(objectname) %(*objectname) [2ms]
2023-07-20 10:13:44.172 [info] > git status -z -uall [25ms]
2023-07-20 10:13:49.268 [info] > git config --get commit.template [11ms]
2023-07-20 10:13:49.268 [info] > git for-each-ref --format=%(refname)%00%(upstream:short)%00%(objectname)%00%(upstream:track)%00%(upstream:remotename)%00%(upstream:remoteref) refs/heads/master refs/remotes/master [1ms]
2023-07-20 10:13:49.294 [info] > git for-each-ref --sort -committerdate --format %(refname) %(objectname) %(*objectname) [1ms]
2023-07-20 10:13:49.308 [info] > git status -z -uall [26ms]
2023-07-20 10:13:54.415 [info] > git config --get commit.template [11ms]
2023-07-20 10:13:54.420 [info] > git for-each-ref --format=%(refname)%00%(upstream:short)%00%(objectname)%00%(upstream:track)%00%(upstream:remotename)%00%(upstream:remoteref) refs/heads/master refs/remotes/master [6ms]
2023-07-20 10:13:54.443 [info] > git for-each-ref --sort -committerdate --format %(refname) %(objectname) %(*objectname) [2ms]
2023-07-20 10:13:54.456 [info] > git status -z -uall [25ms]
2023-07-20 10:13:59.538 [info] > git config --get commit.template [1ms]
2023-07-20 10:13:59.549 [info] > git for-each-ref --format=%(refname)%00%(upstream:short)%00%(objectname)%00%(upstream:track)%00%(upstream:remotename)%00%(upstream:remoteref) refs/heads/master refs/remotes/master [2ms]
2023-07-20 10:13:59.569 [info] > git for-each-ref --sort -committerdate --format %(refname) %(objectname) %(*objectname) [2ms]
2023-07-20 10:13:59.584 [info] > git status -z -uall [26ms]
2023-07-20 10:14:04.672 [info] > git config --get commit.template [1ms]
2023-07-20 10:14:04.681 [info] > git for-each-ref --format=%(refname)%00%(upstream:short)%00%(objectname)%00%(upstream:track)%00%(upstream:remotename)%00%(upstream:remoteref) refs/heads/master refs/remotes/master [1ms]
2023-07-20 10:14:04.697 [info] > git for-each-ref --sort -committerdate --format %(refname) %(objectname) %(*objectname) [2ms]
2023-07-20 10:14:04.714 [info] > git status -z -uall [26ms]
2023-07-20 10:14:09.807 [info] > git config --get commit.template [10ms]
2023-07-20 10:14:09.807 [info] > git for-each-ref --format=%(refname)%00%(upstream:short)%00%(objectname)%00%(upstream:track)%00%(upstream:remotename)%00%(upstream:remoteref) refs/heads/master refs/remotes/master [1ms]
2023-07-20 10:14:09.830 [info] > git for-each-ref --sort -committerdate --format %(refname) %(objectname) %(*objectname) [1ms]
2023-07-20 10:14:09.847 [info] > git status -z -uall [26ms]
2023-07-20 10:14:14.938 [info] > git config --get commit.template [8ms]
2023-07-20 10:14:14.939 [info] > git for-each-ref --format=%(refname)%00%(upstream:short)%00%(objectname)%00%(upstream:track)%00%(upstream:remotename)%00%(upstream:remoteref) refs/heads/master refs/remotes/master [1ms]
2023-07-20 10:14:14.959 [info] > git for-each-ref --sort -committerdate --format %(refname) %(objectname) %(*objectname) [2ms]
2023-07-20 10:14:14.976 [info] > git status -z -uall [26ms]
2023-07-20 10:14:20.065 [info] > git config --get commit.template [8ms]
2023-07-20 10:14:20.070 [info] > git for-each-ref --format=%(refname)%00%(upstream:short)%00%(objectname)%00%(upstream:track)%00%(upstream:remotename)%00%(upstream:remoteref) refs/heads/master refs/remotes/master [6ms]
2023-07-20 10:14:20.086 [info] > git for-each-ref --sort -committerdate --format %(refname) %(objectname) %(*objectname) [2ms]
2023-07-20 10:14:20.103 [info] > git status -z -uall [26ms]
2023-07-20 10:14:25.186 [info] > git config --get commit.template [2ms]
2023-07-20 10:14:25.196 [info] > git for-each-ref --format=%(refname)%00%(upstream:short)%00%(objectname)%00%(upstream:track)%00%(upstream:remotename)%00%(upstream:remoteref) refs/heads/master refs/remotes/master [1ms]
2023-07-20 10:14:25.215 [info] > git for-each-ref --sort -committerdate --format %(refname) %(objectname) %(*objectname) [2ms]
2023-07-20 10:14:25.230 [info] > git status -z -uall [25ms]
2023-07-20 10:14:30.325 [info] > git config --get commit.template [12ms]
2023-07-20 10:14:30.326 [info] > git for-each-ref --format=%(refname)%00%(upstream:short)%00%(objectname)%00%(upstream:track)%00%(upstream:remotename)%00%(upstream:remoteref) refs/heads/master refs/remotes/master [2ms]
2023-07-20 10:14:30.348 [info] > git for-each-ref --sort -committerdate --format %(refname) %(objectname) %(*objectname) [2ms]
2023-07-20 10:14:30.362 [info] > git status -z -uall [26ms]
2023-07-20 10:14:35.441 [info] > git config --get commit.template [2ms]
2023-07-20 10:14:35.449 [info] > git for-each-ref --format=%(refname)%00%(upstream:short)%00%(objectname)%00%(upstream:track)%00%(upstream:remotename)%00%(upstream:remoteref) refs/heads/master refs/remotes/master [1ms]
2023-07-20 10:14:35.466 [info] > git for-each-ref --sort -committerdate --format %(refname) %(objectname) %(*objectname) [2ms]
2023-07-20 10:14:35.482 [info] > git status -z -uall [25ms]
2023-07-20 10:14:40.570 [info] > git config --get commit.template [9ms]
2023-07-20 10:14:40.576 [info] > git for-each-ref --format=%(refname)%00%(upstream:short)%00%(objectname)%00%(upstream:track)%00%(upstream:remotename)%00%(upstream:remoteref) refs/heads/master refs/remotes/master [7ms]
2023-07-20 10:14:40.591 [info] > git for-each-ref --sort -committerdate --format %(refname) %(objectname) %(*objectname) [1ms]
2023-07-20 10:14:40.608 [info] > git status -z -uall [26ms]
2023-07-20 10:14:45.691 [info] > git config --get commit.template [1ms]
2023-07-20 10:14:45.699 [info] > git for-each-ref --format=%(refname)%00%(upstream:short)%00%(objectname)%00%(upstream:track)%00%(upstream:remotename)%00%(upstream:remoteref) refs/heads/master refs/remotes/master [1ms]
2023-07-20 10:14:45.715 [info] > git for-each-ref --sort -committerdate --format %(refname) %(objectname) %(*objectname) [2ms]
2023-07-20 10:14:45.733 [info] > git status -z -uall [26ms]
2023-07-20 10:14:50.816 [info] > git config --get commit.template [1ms]
2023-07-20 10:14:50.823 [info] > git for-each-ref --format=%(refname)%00%(upstream:short)%00%(objectname)%00%(upstream:track)%00%(upstream:remotename)%00%(upstream:remoteref) refs/heads/master refs/remotes/master [1ms]
2023-07-20 10:14:50.838 [info] > git for-each-ref --sort -committerdate --format %(refname) %(objectname) %(*objectname) [1ms]
2023-07-20 10:14:50.855 [info] > git status -z -uall [25ms]
2023-07-20 10:14:55.932 [info] > git config --get commit.template [1ms]
2023-07-20 10:14:55.945 [info] > git for-each-ref --format=%(refname)%00%(upstream:short)%00%(objectname)%00%(upstream:track)%00%(upstream:remotename)%00%(upstream:remoteref) refs/heads/master refs/remotes/master [1ms]
2023-07-20 10:14:55.961 [info] > git for-each-ref --sort -committerdate --format %(refname) %(objectname) %(*objectname) [2ms]
2023-07-20 10:14:55.979 [info] > git status -z -uall [27ms]
2023-07-20 10:15:01.068 [info] > git config --get commit.template [8ms]
2023-07-20 10:15:01.073 [info] > git for-each-ref --format=%(refname)%00%(upstream:short)%00%(objectname)%00%(upstream:track)%00%(upstream:remotename)%00%(upstream:remoteref) refs/heads/master refs/remotes/master [6ms]
2023-07-20 10:15:01.088 [info] > git for-each-ref --sort -committerdate --format %(refname) %(objectname) %(*objectname) [2ms]
2023-07-20 10:15:01.106 [info] > git status -z -uall [26ms]
2023-07-20 10:15:06.188 [info] > git config --get commit.template [1ms]
2023-07-20 10:15:06.196 [info] > git for-each-ref --format=%(refname)%00%(upstream:short)%00%(objectname)%00%(upstream:track)%00%(upstream:remotename)%00%(upstream:remoteref) refs/heads/master refs/remotes/master [2ms]
2023-07-20 10:15:06.211 [info] > git for-each-ref --sort -committerdate --format %(refname) %(objectname) %(*objectname) [2ms]
2023-07-20 10:15:06.229 [info] > git status -z -uall [26ms]
2023-07-20 10:15:11.348 [info] > git config --get commit.template [14ms]
2023-07-20 10:15:11.349 [info] > git for-each-ref --format=%(refname)%00%(upstream:short)%00%(objectname)%00%(upstream:track)%00%(upstream:remotename)%00%(upstream:remoteref) refs/heads/master refs/remotes/master [4ms]
2023-07-20 10:15:11.373 [info] > git for-each-ref --sort -committerdate --format %(refname) %(objectname) %(*objectname) [2ms]
2023-07-20 10:15:11.393 [info] > git status -z -uall [34ms]
2023-07-20 10:15:16.492 [info] > git config --get commit.template [11ms]
2023-07-20 10:15:16.493 [info] > git for-each-ref --format=%(refname)%00%(upstream:short)%00%(objectname)%00%(upstream:track)%00%(upstream:remotename)%00%(upstream:remoteref) refs/heads/master refs/remotes/master [1ms]
2023-07-20 10:15:16.518 [info] > git for-each-ref --sort -committerdate --format %(refname) %(objectname) %(*objectname) [1ms]
2023-07-20 10:15:16.531 [info] > git status -z -uall [26ms]
2023-07-20 10:15:21.618 [info] > git config --get commit.template [8ms]
2023-07-20 10:15:21.619 [info] > git for-each-ref --format=%(refname)%00%(upstream:short)%00%(objectname)%00%(upstream:track)%00%(upstream:remotename)%00%(upstream:remoteref) refs/heads/master refs/remotes/master [2ms]
2023-07-20 10:15:21.635 [info] > git for-each-ref --sort -committerdate --format %(refname) %(objectname) %(*objectname) [2ms]
2023-07-20 10:15:21.652 [info] > git status -z -uall [26ms]
2023-07-20 10:15:26.737 [info] > git config --get commit.template [1ms]
2023-07-20 10:15:26.746 [info] > git for-each-ref --format=%(refname)%00%(upstream:short)%00%(objectname)%00%(upstream:track)%00%(upstream:remotename)%00%(upstream:remoteref) refs/heads/master refs/remotes/master [1ms]
2023-07-20 10:15:26.766 [info] > git for-each-ref --sort -committerdate --format %(refname) %(objectname) %(*objectname) [3ms]
2023-07-20 10:15:26.783 [info] > git status -z -uall [29ms]
2023-07-20 10:15:31.870 [info] > git config --get commit.template [1ms]
2023-07-20 10:15:31.877 [info] > git for-each-ref --format=%(refname)%00%(upstream:short)%00%(objectname)%00%(upstream:track)%00%(upstream:remotename)%00%(upstream:remoteref) refs/heads/master refs/remotes/master [1ms]
2023-07-20 10:15:31.892 [info] > git for-each-ref --sort -committerdate --format %(refname) %(objectname) %(*objectname) [2ms]
2023-07-20 10:15:31.910 [info] > git status -z -uall [26ms]
2023-07-20 10:15:36.996 [info] > git config --get commit.template [2ms]
2023-07-20 10:15:37.004 [info] > git for-each-ref --format=%(refname)%00%(upstream:short)%00%(objectname)%00%(upstream:track)%00%(upstream:remotename)%00%(upstream:remoteref) refs/heads/master refs/remotes/master [1ms]
2023-07-20 10:15:37.020 [info] > git for-each-ref --sort -committerdate --format %(refname) %(objectname) %(*objectname) [2ms]
2023-07-20 10:15:37.037 [info] > git status -z -uall [26ms]
2023-07-20 10:15:42.117 [info] > git config --get commit.template [2ms]
2023-07-20 10:15:42.124 [info] > git for-each-ref --format=%(refname)%00%(upstream:short)%00%(objectname)%00%(upstream:track)%00%(upstream:remotename)%00%(upstream:remoteref) refs/heads/master refs/remotes/master [1ms]
2023-07-20 10:15:42.139 [info] > git for-each-ref --sort -committerdate --format %(refname) %(objectname) %(*objectname) [2ms]
2023-07-20 10:15:42.157 [info] > git status -z -uall [26ms]
2023-07-20 10:15:47.246 [info] > git config --get commit.template [7ms]
2023-07-20 10:15:47.246 [info] > git for-each-ref --format=%(refname)%00%(upstream:short)%00%(objectname)%00%(upstream:track)%00%(upstream:remotename)%00%(upstream:remoteref) refs/heads/master refs/remotes/master [1ms]
2023-07-20 10:15:47.260 [info] > git for-each-ref --sort -committerdate --format %(refname) %(objectname) %(*objectname) [2ms]
2023-07-20 10:15:47.278 [info] > git status -z -uall [26ms]
2023-07-20 10:15:52.361 [info] > git config --get commit.template [1ms]
2023-07-20 10:15:52.370 [info] > git for-each-ref --format=%(refname)%00%(upstream:short)%00%(objectname)%00%(upstream:track)%00%(upstream:remotename)%00%(upstream:remoteref) refs/heads/master refs/remotes/master [1ms]
2023-07-20 10:15:52.386 [info] > git for-each-ref --sort -committerdate --format %(refname) %(objectname) %(*objectname) [2ms]
2023-07-20 10:15:52.402 [info] > git status -z -uall [25ms]
2023-07-20 10:15:57.487 [info] > git config --get commit.template [2ms]
2023-07-20 10:15:57.496 [info] > git for-each-ref --format=%(refname)%00%(upstream:short)%00%(objectname)%00%(upstream:track)%00%(upstream:remotename)%00%(upstream:remoteref) refs/heads/master refs/remotes/master [1ms]
2023-07-20 10:15:57.515 [info] > git for-each-ref --sort -committerdate --format %(refname) %(objectname) %(*objectname) [2ms]
2023-07-20 10:15:57.531 [info] > git status -z -uall [26ms]
2023-07-20 10:16:00.825 [info] > git ls-files --stage -- /home/tuandat/tuandat17/index.html [1ms]
2023-07-20 10:16:00.833 [info] > git cat-file -s e69de29bb2d1d6434b8b29ae775ad8c2e48c5391 [1ms]
2023-07-20 10:16:00.845 [info] > git show --textconv :tuandat17/index.html [1ms]
2023-07-20 10:16:02.619 [info] > git config --get commit.template [8ms]
2023-07-20 10:16:02.620 [info] > git for-each-ref --format=%(refname)%00%(upstream:short)%00%(objectname)%00%(upstream:track)%00%(upstream:remotename)%00%(upstream:remoteref) refs/heads/master refs/remotes/master [2ms]
2023-07-20 10:16:02.636 [info] > git for-each-ref --sort -committerdate --format %(refname) %(objectname) %(*objectname) [2ms]
2023-07-20 10:16:02.653 [info] > git status -z -uall [26ms]
2023-07-20 10:16:15.489 [info] > git config --get commit.template [7ms]
2023-07-20 10:16:15.491 [info] > git for-each-ref --format=%(refname)%00%(upstream:short)%00%(objectname)%00%(upstream:track)%00%(upstream:remotename)%00%(upstream:remoteref) refs/heads/master refs/remotes/master [3ms]
2023-07-20 10:16:15.506 [info] > git for-each-ref --sort -committerdate --format %(refname) %(objectname) %(*objectname) [2ms]
2023-07-20 10:16:15.546 [info] > git status -z -uall [48ms]
2023-07-20 10:16:20.661 [info] > git config --get commit.template [2ms]
2023-07-20 10:16:20.671 [info] > git for-each-ref --format=%(refname)%00%(upstream:short)%00%(objectname)%00%(upstream:track)%00%(upstream:remotename)%00%(upstream:remoteref) refs/heads/master refs/remotes/master [1ms]
2023-07-20 10:16:20.690 [info] > git for-each-ref --sort -committerdate --format %(refname) %(objectname) %(*objectname) [2ms]
2023-07-20 10:16:20.707 [info] > git status -z -uall [28ms]
2023-07-20 10:16:22.733 [info] > git ls-files --stage -- /home/tuandat/tuandat17/index.html [1ms]
2023-07-20 10:16:22.744 [info] > git cat-file -s e69de29bb2d1d6434b8b29ae775ad8c2e48c5391 [2ms]
2023-07-20 10:16:22.757 [info] > git show --textconv :tuandat17/index.html [1ms]
2023-07-20 10:16:25.799 [info] > git config --get commit.template [1ms]
2023-07-20 10:16:25.811 [info] > git for-each-ref --format=%(refname)%00%(upstream:short)%00%(objectname)%00%(upstream:track)%00%(upstream:remotename)%00%(upstream:remoteref) refs/heads/main refs/remotes/main [2ms]
2023-07-20 10:16:25.832 [info] > git for-each-ref --sort -committerdate --format %(refname) %(objectname) %(*objectname) [2ms]
2023-07-20 10:16:25.847 [info] > git status -z -uall [26ms]
2023-07-20 10:16:30.926 [info] > git config --get commit.template [1ms]
2023-07-20 10:16:30.936 [info] > git for-each-ref --format=%(refname)%00%(upstream:short)%00%(objectname)%00%(upstream:track)%00%(upstream:remotename)%00%(upstream:remoteref) refs/heads/main refs/remotes/main [1ms]
2023-07-20 10:16:30.953 [info] > git for-each-ref --sort -committerdate --format %(refname) %(objectname) %(*objectname) [2ms]
2023-07-20 10:16:30.969 [info] > git status -z -uall [25ms]
2023-07-20 10:16:36.052 [info] > git config --get commit.template [2ms]
2023-07-20 10:16:36.061 [info] > git for-each-ref --format=%(refname)%00%(upstream:short)%00%(objectname)%00%(upstream:track)%00%(upstream:remotename)%00%(upstream:remoteref) refs/heads/main refs/remotes/main [2ms]
2023-07-20 10:16:36.077 [info] > git for-each-ref --sort -committerdate --format %(refname) %(objectname) %(*objectname) [2ms]
2023-07-20 10:16:36.094 [info] > git status -z -uall [26ms]
2023-07-20 10:17:19.526 [info] > git config --get commit.template [9ms]
2023-07-20 10:17:19.528 [info] > git for-each-ref --format=%(refname)%00%(upstream:short)%00%(objectname)%00%(upstream:track)%00%(upstream:remotename)%00%(upstream:remoteref) refs/heads/main refs/remotes/main [3ms]
2023-07-20 10:17:19.543 [info] > git for-each-ref --sort -committerdate --format %(refname) %(objectname) %(*objectname) [2ms]
2023-07-20 10:17:19.580 [info] > git status -z -uall [45ms]
2023-07-20 10:17:24.713 [info] > git config --get commit.template [10ms]
2023-07-20 10:17:24.716 [info] > git for-each-ref --format=%(refname)%00%(upstream:short)%00%(objectname)%00%(upstream:track)%00%(upstream:remotename)%00%(upstream:remoteref) refs/heads/main refs/remotes/main [4ms]
2023-07-20 10:17:24.748 [info] > git for-each-ref --sort -committerdate --format %(refname) %(objectname) %(*objectname) [13ms]
2023-07-20 10:17:24.768 [info] > git status -z -uall [44ms]
2023-07-20 10:17:29.871 [info] > git config --get commit.template [1ms]
2023-07-20 10:17:29.881 [info] > git for-each-ref --format=%(refname)%00%(upstream:short)%00%(objectname)%00%(upstream:track)%00%(upstream:remotename)%00%(upstream:remoteref) refs/heads/main refs/remotes/main [2ms]
2023-07-20 10:17:29.900 [info] > git for-each-ref --sort -committerdate --format %(refname) %(objectname) %(*objectname) [2ms]
2023-07-20 10:17:29.918 [info] > git status -z -uall [29ms]
2023-07-20 10:17:35.015 [info] > git config --get commit.template [12ms]
2023-07-20 10:17:35.019 [info] > git for-each-ref --format=%(refname)%00%(upstream:short)%00%(objectname)%00%(upstream:track)%00%(upstream:remotename)%00%(upstream:remoteref) refs/heads/main refs/remotes/main [5ms]
2023-07-20 10:17:35.040 [info] > git for-each-ref --sort -committerdate --format %(refname) %(objectname) %(*objectname) [2ms]
2023-07-20 10:17:35.054 [info] > git status -z -uall [27ms]
2023-07-20 10:17:40.146 [info] > git config --get commit.template [9ms]
2023-07-20 10:17:40.147 [info] > git for-each-ref --format=%(refname)%00%(upstream:short)%00%(objectname)%00%(upstream:track)%00%(upstream:remotename)%00%(upstream:remoteref) refs/heads/main refs/remotes/main [2ms]
2023-07-20 10:17:40.163 [info] > git for-each-ref --sort -committerdate --format %(refname) %(objectname) %(*objectname) [2ms]
2023-07-20 10:17:40.181 [info] > git status -z -uall [27ms]
2023-07-20 10:17:45.269 [info] > git config --get commit.template [1ms]
2023-07-20 10:17:45.277 [info] > git for-each-ref --format=%(refname)%00%(upstream:short)%00%(objectname)%00%(upstream:track)%00%(upstream:remotename)%00%(upstream:remoteref) refs/heads/main refs/remotes/main [1ms]
2023-07-20 10:17:45.293 [info] > git for-each-ref --sort -committerdate --format %(refname) %(objectname) %(*objectname) [2ms]
2023-07-20 10:17:45.310 [info] > git status -z -uall [26ms]
2023-07-20 10:17:50.396 [info] > git config --get commit.template [1ms]
2023-07-20 10:17:50.404 [info] > git for-each-ref --format=%(refname)%00%(upstream:short)%00%(objectname)%00%(upstream:track)%00%(upstream:remotename)%00%(upstream:remoteref) refs/heads/main refs/remotes/main [1ms]
2023-07-20 10:17:50.420 [info] > git for-each-ref --sort -committerdate --format %(refname) %(objectname) %(*objectname) [2ms]
2023-07-20 10:17:50.437 [info] > git status -z -uall [26ms]
2023-07-20 10:17:55.520 [info] > git config --get commit.template [0ms]
2023-07-20 10:17:55.530 [info] > git for-each-ref --format=%(refname)%00%(upstream:short)%00%(objectname)%00%(upstream:track)%00%(upstream:remotename)%00%(upstream:remoteref) refs/heads/main refs/remotes/main [2ms]
2023-07-20 10:17:55.548 [info] > git for-each-ref --sort -committerdate --format %(refname) %(objectname) %(*objectname) [3ms]
2023-07-20 10:17:55.580 [info] > git status -z -uall [42ms]
2023-07-20 10:18:00.669 [info] > git config --get commit.template [1ms]
2023-07-20 10:18:00.681 [info] > git for-each-ref --format=%(refname)%00%(upstream:short)%00%(objectname)%00%(upstream:track)%00%(upstream:remotename)%00%(upstream:remoteref) refs/heads/main refs/remotes/main [3ms]
2023-07-20 10:18:00.702 [info] > git for-each-ref --sort -committerdate --format %(refname) %(objectname) %(*objectname) [3ms]
2023-07-20 10:18:00.723 [info] > git status -z -uall [32ms]
2023-07-20 10:18:06.513 [info] > git config --get commit.template [24ms]
2023-07-20 10:18:06.514 [info] > git for-each-ref --format=%(refname)%00%(upstream:short)%00%(objectname)%00%(upstream:track)%00%(upstream:remotename)%00%(upstream:remoteref) refs/heads/main refs/remotes/main [1ms]
2023-07-20 10:18:06.568 [info] > git for-each-ref --sort -committerdate --format %(refname) %(objectname) %(*objectname) [7ms]
2023-07-20 10:18:06.597 [info] > git status -z -uall [55ms]
2023-07-20 10:18:18.061 [info] > git config --get commit.template [13ms]
2023-07-20 10:18:18.069 [info] > git for-each-ref --format=%(refname)%00%(upstream:short)%00%(objectname)%00%(upstream:track)%00%(upstream:remotename)%00%(upstream:remoteref) refs/heads/main refs/remotes/main [3ms]
2023-07-20 10:18:18.084 [info] > git for-each-ref --sort -committerdate --format %(refname) %(objectname) %(*objectname) [3ms]
2023-07-20 10:18:18.118 [info] > git status -z -uall [44ms]
2023-07-20 10:18:22.798 [info] > git ls-files --stage -- /home/tuandat/tuandat17/index.html [2ms]
2023-07-20 10:18:22.807 [info] > git cat-file -s e69de29bb2d1d6434b8b29ae775ad8c2e48c5391 [1ms]
2023-07-20 10:18:22.818 [info] > git show --textconv :tuandat17/index.html [2ms]
2023-07-20 10:18:23.234 [info] > git config --get commit.template [9ms]
2023-07-20 10:18:23.235 [info] > git for-each-ref --format=%(refname)%00%(upstream:short)%00%(objectname)%00%(upstream:track)%00%(upstream:remotename)%00%(upstream:remoteref) refs/heads/main refs/remotes/main [2ms]
2023-07-20 10:18:23.251 [info] > git for-each-ref --sort -committerdate --format %(refname) %(objectname) %(*objectname) [2ms]
2023-07-20 10:18:23.272 [info] > git status -z -uall [30ms]
2023-07-20 10:18:45.020 [info] > git config --get commit.template [12ms]
2023-07-20 10:18:45.021 [info] > git for-each-ref --format=%(refname)%00%(upstream:short)%00%(objectname)%00%(upstream:track)%00%(upstream:remotename)%00%(upstream:remoteref) refs/heads/main refs/remotes/main [2ms]
2023-07-20 10:18:45.036 [info] > git for-each-ref --sort -committerdate --format %(refname) %(objectname) %(*objectname) [2ms]
2023-07-20 10:18:45.069 [info] > git status -z -uall [42ms]
2023-07-20 10:18:50.182 [info] > git config --get commit.template [1ms]
2023-07-20 10:18:50.191 [info] > git for-each-ref --format=%(refname)%00%(upstream:short)%00%(objectname)%00%(upstream:track)%00%(upstream:remotename)%00%(upstream:remoteref) refs/heads/main refs/remotes/main [2ms]
2023-07-20 10:18:50.207 [info] > git for-each-ref --sort -committerdate --format %(refname) %(objectname) %(*objectname) [2ms]
2023-07-20 10:18:50.224 [info] > git status -z -uall [26ms]
2023-07-20 10:18:55.318 [info] > git config --get commit.template [10ms]
2023-07-20 10:18:55.318 [info] > git for-each-ref --format=%(refname)%00%(upstream:short)%00%(objectname)%00%(upstream:track)%00%(upstream:remotename)%00%(upstream:remoteref) refs/heads/main refs/remotes/main [1ms]
2023-07-20 10:18:55.336 [info] > git for-each-ref --sort -committerdate --format %(refname) %(objectname) %(*objectname) [2ms]
2023-07-20 10:18:55.353 [info] > git status -z -uall [27ms]
2023-07-20 10:19:00.449 [info] > git config --get commit.template [9ms]
2023-07-20 10:19:00.449 [info] > git for-each-ref --format=%(refname)%00%(upstream:short)%00%(objectname)%00%(upstream:track)%00%(upstream:remotename)%00%(upstream:remoteref) refs/heads/main refs/remotes/main [2ms]
2023-07-20 10:19:00.468 [info] > git for-each-ref --sort -committerdate --format %(refname) %(objectname) %(*objectname) [2ms]
2023-07-20 10:19:00.484 [info] > git status -z -uall [26ms]
2023-07-20 10:19:05.579 [info] > git config --get commit.template [9ms]
2023-07-20 10:19:05.579 [info] > git for-each-ref --format=%(refname)%00%(upstream:short)%00%(objectname)%00%(upstream:track)%00%(upstream:remotename)%00%(upstream:remoteref) refs/heads/main refs/remotes/main [1ms]
2023-07-20 10:19:05.600 [info] > git for-each-ref --sort -committerdate --format %(refname) %(objectname) %(*objectname) [2ms]
2023-07-20 10:19:05.617 [info] > git status -z -uall [29ms]
2023-07-20 10:19:10.713 [info] > git config --get commit.template [10ms]
2023-07-20 10:19:10.713 [info] > git for-each-ref --format=%(refname)%00%(upstream:short)%00%(objectname)%00%(upstream:track)%00%(upstream:remotename)%00%(upstream:remoteref) refs/heads/main refs/remotes/main [1ms]
2023-07-20 10:19:10.733 [info] > git for-each-ref --sort -committerdate --format %(refname) %(objectname) %(*objectname) [2ms]
2023-07-20 10:19:10.749 [info] > git status -z -uall [27ms]
2023-07-20 10:19:15.847 [info] > git config --get commit.template [10ms]
2023-07-20 10:19:15.847 [info] > git for-each-ref --format=%(refname)%00%(upstream:short)%00%(objectname)%00%(upstream:track)%00%(upstream:remotename)%00%(upstream:remoteref) refs/heads/main refs/remotes/main [1ms]
2023-07-20 10:19:15.866 [info] > git for-each-ref --sort -committerdate --format %(refname) %(objectname) %(*objectname) [2ms]
2023-07-20 10:19:15.882 [info] > git status -z -uall [26ms]
2023-07-20 10:19:20.970 [info] > git config --get commit.template [2ms]
2023-07-20 10:19:20.979 [info] > git for-each-ref --format=%(refname)%00%(upstream:short)%00%(objectname)%00%(upstream:track)%00%(upstream:remotename)%00%(upstream:remoteref) refs/heads/main refs/remotes/main [1ms]
2023-07-20 10:19:20.996 [info] > git for-each-ref --sort -committerdate --format %(refname) %(objectname) %(*objectname) [2ms]
2023-07-20 10:19:21.013 [info] > git status -z -uall [27ms]
2023-07-20 10:19:26.107 [info] > git config --get commit.template [10ms]
2023-07-20 10:19:26.108 [info] > git for-each-ref --format=%(refname)%00%(upstream:short)%00%(objectname)%00%(upstream:track)%00%(upstream:remotename)%00%(upstream:remoteref) refs/heads/main refs/remotes/main [2ms]
2023-07-20 10:19:26.127 [info] > git for-each-ref --sort -committerdate --format %(refname) %(objectname) %(*objectname) [2ms]
2023-07-20 10:19:26.142 [info] > git status -z -uall [26ms]
2023-07-20 10:19:31.233 [info] > git config --get commit.template [10ms]
2023-07-20 10:19:31.233 [info] > git for-each-ref --format=%(refname)%00%(upstream:short)%00%(objectname)%00%(upstream:track)%00%(upstream:remotename)%00%(upstream:remoteref) refs/heads/main refs/remotes/main [1ms]
2023-07-20 10:19:31.265 [info] > git for-each-ref --sort -committerdate --format %(refname) %(objectname) %(*objectname) [14ms]
2023-07-20 10:19:31.271 [info] > git status -z -uall [28ms]
2023-07-20 10:19:36.365 [info] > git config --get commit.template [2ms]
2023-07-20 10:19:36.374 [info] > git for-each-ref --format=%(refname)%00%(upstream:short)%00%(objectname)%00%(upstream:track)%00%(upstream:remotename)%00%(upstream:remoteref) refs/heads/main refs/remotes/main [1ms]
2023-07-20 10:19:36.390 [info] > git for-each-ref --sort -committerdate --format %(refname) %(objectname) %(*objectname) [2ms]
2023-07-20 10:19:36.408 [info] > git status -z -uall [26ms]
2023-07-20 10:19:41.505 [info] > git config --get commit.template [2ms]
2023-07-20 10:19:41.521 [info] > git for-each-ref --format=%(refname)%00%(upstream:short)%00%(objectname)%00%(upstream:track)%00%(upstream:remotename)%00%(upstream:remoteref) refs/heads/main refs/remotes/main [3ms]
2023-07-20 10:19:41.540 [info] > git for-each-ref --sort -committerdate --format %(refname) %(objectname) %(*objectname) [2ms]
2023-07-20 10:19:41.564 [info] > git status -z -uall [34ms]
2023-07-20 10:19:46.661 [info] > git config --get commit.template [8ms]
2023-07-20 10:19:46.661 [info] > git for-each-ref --format=%(refname)%00%(upstream:short)%00%(objectname)%00%(upstream:track)%00%(upstream:remotename)%00%(upstream:remoteref) refs/heads/main refs/remotes/main [2ms]
2023-07-20 10:19:46.678 [info] > git for-each-ref --sort -committerdate --format %(refname) %(objectname) %(*objectname) [2ms]
2023-07-20 10:19:46.700 [info] > git status -z -uall [31ms]
2023-07-20 10:19:51.797 [info] > git config --get commit.template [9ms]
2023-07-20 10:19:51.798 [info] > git for-each-ref --format=%(refname)%00%(upstream:short)%00%(objectname)%00%(upstream:track)%00%(upstream:remotename)%00%(upstream:remoteref) refs/heads/main refs/remotes/main [2ms]
2023-07-20 10:19:51.827 [info] > git for-each-ref --sort -committerdate --format %(refname) %(objectname) %(*objectname) [2ms]
2023-07-20 10:19:51.832 [info] > git status -z -uall [14ms]
2023-07-20 10:19:56.918 [info] > git config --get commit.template [2ms]
2023-07-20 10:19:56.927 [info] > git for-each-ref --format=%(refname)%00%(upstream:short)%00%(objectname)%00%(upstream:track)%00%(upstream:remotename)%00%(upstream:remoteref) refs/heads/main refs/remotes/main [2ms]
2023-07-20 10:19:56.943 [info] > git for-each-ref --sort -committerdate --format %(refname) %(objectname) %(*objectname) [2ms]
2023-07-20 10:19:56.960 [info] > git status -z -uall [26ms]
2023-07-20 10:20:02.045 [info] > git config --get commit.template [1ms]
2023-07-20 10:20:02.054 [info] > git for-each-ref --format=%(refname)%00%(upstream:short)%00%(objectname)%00%(upstream:track)%00%(upstream:remotename)%00%(upstream:remoteref) refs/heads/main refs/remotes/main [1ms]
2023-07-20 10:20:02.071 [info] > git for-each-ref --sort -committerdate --format %(refname) %(objectname) %(*objectname) [2ms]
2023-07-20 10:20:02.088 [info] > git status -z -uall [26ms]
2023-07-20 10:20:07.177 [info] > git config --get commit.template [1ms]
2023-07-20 10:20:07.186 [info] > git for-each-ref --format=%(refname)%00%(upstream:short)%00%(objectname)%00%(upstream:track)%00%(upstream:remotename)%00%(upstream:remoteref) refs/heads/main refs/remotes/main [1ms]
2023-07-20 10:20:07.202 [info] > git for-each-ref --sort -committerdate --format %(refname) %(objectname) %(*objectname) [2ms]
2023-07-20 10:20:07.220 [info] > git status -z -uall [27ms]
2023-07-20 10:20:12.310 [info] > git config --get commit.template [8ms]
2023-07-20 10:20:12.311 [info] > git for-each-ref --format=%(refname)%00%(upstream:short)%00%(objectname)%00%(upstream:track)%00%(upstream:remotename)%00%(upstream:remoteref) refs/heads/main refs/remotes/main [2ms]
2023-07-20 10:20:12.327 [info] > git for-each-ref --sort -committerdate --format %(refname) %(objectname) %(*objectname) [2ms]
2023-07-20 10:20:12.345 [info] > git status -z -uall [27ms]
2023-07-20 10:20:17.439 [info] > git config --get commit.template [9ms]
2023-07-20 10:20:17.440 [info] > git for-each-ref --format=%(refname)%00%(upstream:short)%00%(objectname)%00%(upstream:track)%00%(upstream:remotename)%00%(upstream:remoteref) refs/heads/main refs/remotes/main [2ms]
2023-07-20 10:20:17.456 [info] > git for-each-ref --sort -committerdate --format %(refname) %(objectname) %(*objectname) [2ms]
2023-07-20 10:20:17.483 [info] > git status -z -uall [36ms]
2023-07-20 10:20:22.580 [info] > git config --get commit.template [1ms]
2023-07-20 10:20:22.589 [info] > git for-each-ref --format=%(refname)%00%(upstream:short)%00%(objectname)%00%(upstream:track)%00%(upstream:remotename)%00%(upstream:remoteref) refs/heads/main refs/remotes/main [1ms]
2023-07-20 10:20:22.606 [info] > git for-each-ref --sort -committerdate --format %(refname) %(objectname) %(*objectname) [3ms]
2023-07-20 10:20:22.622 [info] > git status -z -uall [26ms]
2023-07-20 10:20:27.727 [info] > git config --get commit.template [9ms]
2023-07-20 10:20:27.728 [info] > git for-each-ref --format=%(refname)%00%(upstream:short)%00%(objectname)%00%(upstream:track)%00%(upstream:remotename)%00%(upstream:remoteref) refs/heads/main refs/remotes/main [2ms]
2023-07-20 10:20:27.746 [info] > git for-each-ref --sort -committerdate --format %(refname) %(objectname) %(*objectname) [2ms]
2023-07-20 10:20:27.762 [info] > git status -z -uall [25ms]
2023-07-20 10:20:32.854 [info] > git config --get commit.template [9ms]
2023-07-20 10:20:32.859 [info] > git for-each-ref --format=%(refname)%00%(upstream:short)%00%(objectname)%00%(upstream:track)%00%(upstream:remotename)%00%(upstream:remoteref) refs/heads/main refs/remotes/main [6ms]
2023-07-20 10:20:32.876 [info] > git for-each-ref --sort -committerdate --format %(refname) %(objectname) %(*objectname) [2ms]
2023-07-20 10:20:32.895 [info] > git status -z -uall [28ms]
2023-07-20 10:20:37.998 [info] > git config --get commit.template [9ms]
2023-07-20 10:20:38.004 [info] > git for-each-ref --format=%(refname)%00%(upstream:short)%00%(objectname)%00%(upstream:track)%00%(upstream:remotename)%00%(upstream:remoteref) refs/heads/main refs/remotes/main [6ms]
2023-07-20 10:20:38.021 [info] > git for-each-ref --sort -committerdate --format %(refname) %(objectname) %(*objectname) [2ms]
2023-07-20 10:20:38.038 [info] > git status -z -uall [27ms]
2023-07-20 10:20:43.127 [info] > git config --get commit.template [2ms]
2023-07-20 10:20:43.136 [info] > git for-each-ref --format=%(refname)%00%(upstream:short)%00%(objectname)%00%(upstream:track)%00%(upstream:remotename)%00%(upstream:remoteref) refs/heads/main refs/remotes/main [2ms]
2023-07-20 10:20:43.152 [info] > git for-each-ref --sort -committerdate --format %(refname) %(objectname) %(*objectname) [2ms]
2023-07-20 10:20:43.169 [info] > git status -z -uall [26ms]
2023-07-20 10:20:48.254 [info] > git config --get commit.template [1ms]
2023-07-20 10:20:48.263 [info] > git for-each-ref --format=%(refname)%00%(upstream:short)%00%(objectname)%00%(upstream:track)%00%(upstream:remotename)%00%(upstream:remoteref) refs/heads/main refs/remotes/main [1ms]
2023-07-20 10:20:48.283 [info] > git for-each-ref --sort -committerdate --format %(refname) %(objectname) %(*objectname) [2ms]
2023-07-20 10:20:48.301 [info] > git status -z -uall [29ms]
2023-07-20 10:20:53.399 [info] > git config --get commit.template [10ms]
2023-07-20 10:20:53.400 [info] > git for-each-ref --format=%(refname)%00%(upstream:short)%00%(objectname)%00%(upstream:track)%00%(upstream:remotename)%00%(upstream:remoteref) refs/heads/main refs/remotes/main [2ms]
2023-07-20 10:20:53.417 [info] > git for-each-ref --sort -committerdate --format %(refname) %(objectname) %(*objectname) [2ms]
2023-07-20 10:20:53.435 [info] > git status -z -uall [27ms]
2023-07-20 10:20:58.519 [info] > git config --get commit.template [1ms]
2023-07-20 10:20:58.528 [info] > git for-each-ref --format=%(refname)%00%(upstream:short)%00%(objectname)%00%(upstream:track)%00%(upstream:remotename)%00%(upstream:remoteref) refs/heads/main refs/remotes/main [2ms]
2023-07-20 10:20:58.544 [info] > git for-each-ref --sort -committerdate --format %(refname) %(objectname) %(*objectname) [2ms]
2023-07-20 10:20:58.562 [info] > git status -z -uall [27ms]
2023-07-20 10:21:03.659 [info] > git config --get commit.template [1ms]
2023-07-20 10:21:03.675 [info] > git for-each-ref --format=%(refname)%00%(upstream:short)%00%(objectname)%00%(upstream:track)%00%(upstream:remotename)%00%(upstream:remoteref) refs/heads/main refs/remotes/main [1ms]
2023-07-20 10:21:03.706 [info] > git for-each-ref --sort -committerdate --format %(refname) %(objectname) %(*objectname) [13ms]
2023-07-20 10:21:03.730 [info] > git status -z -uall [46ms]
2023-07-20 10:21:08.858 [info] > git config --get commit.template [13ms]
2023-07-20 10:21:08.860 [info] > git for-each-ref --format=%(refname)%00%(upstream:short)%00%(objectname)%00%(upstream:track)%00%(upstream:remotename)%00%(upstream:remoteref) refs/heads/main refs/remotes/main [4ms]
2023-07-20 10:21:08.883 [info] > git for-each-ref --sort -committerdate --format %(refname) %(objectname) %(*objectname) [5ms]
2023-07-20 10:21:08.905 [info] > git status -z -uall [35ms]
2023-07-20 10:21:14.000 [info] > git config --get commit.template [2ms]
2023-07-20 10:21:14.009 [info] > git for-each-ref --format=%(refname)%00%(upstream:short)%00%(objectname)%00%(upstream:track)%00%(upstream:remotename)%00%(upstream:remoteref) refs/heads/main refs/remotes/main [1ms]
2023-07-20 10:21:14.025 [info] > git for-each-ref --sort -committerdate --format %(refname) %(objectname) %(*objectname) [2ms]
2023-07-20 10:21:14.042 [info] > git status -z -uall [26ms]
2023-07-20 10:21:19.135 [info] > git config --get commit.template [8ms]
2023-07-20 10:21:19.135 [info] > git for-each-ref --format=%(refname)%00%(upstream:short)%00%(objectname)%00%(upstream:track)%00%(upstream:remotename)%00%(upstream:remoteref) refs/heads/main refs/remotes/main [1ms]
2023-07-20 10:21:19.152 [info] > git for-each-ref --sort -committerdate --format %(refname) %(objectname) %(*objectname) [2ms]
2023-07-20 10:21:19.169 [info] > git status -z -uall [27ms]
2023-07-20 10:21:24.259 [info] > git config --get commit.template [2ms]
2023-07-20 10:21:24.268 [info] > git for-each-ref --format=%(refname)%00%(upstream:short)%00%(objectname)%00%(upstream:track)%00%(upstream:remotename)%00%(upstream:remoteref) refs/heads/main refs/remotes/main [2ms]
2023-07-20 10:21:24.285 [info] > git for-each-ref --sort -committerdate --format %(refname) %(objectname) %(*objectname) [2ms]
2023-07-20 10:21:24.302 [info] > git status -z -uall [27ms]
2023-07-20 10:21:26.288 [info] > git ls-files --stage -- /home/tuandat/tuandat17/index.html [2ms]
2023-07-20 10:21:26.297 [info] > git cat-file -s e69de29bb2d1d6434b8b29ae775ad8c2e48c5391 [2ms]
2023-07-20 10:21:26.309 [info] > git show --textconv :tuandat17/index.html [1ms]
2023-07-20 10:21:29.416 [info] > git config --get commit.template [1ms]
2023-07-20 10:21:29.425 [info] > git for-each-ref --format=%(refname)%00%(upstream:short)%00%(objectname)%00%(upstream:track)%00%(upstream:remotename)%00%(upstream:remoteref) refs/heads/main refs/remotes/main [2ms]
2023-07-20 10:21:29.442 [info] > git for-each-ref --sort -committerdate --format %(refname) %(objectname) %(*objectname) [2ms]
2023-07-20 10:21:29.460 [info] > git status -z -uall [27ms]
2023-07-20 10:21:34.567 [info] > git config --get commit.template [12ms]
2023-07-20 10:21:34.569 [info] > git for-each-ref --format=%(refname)%00%(upstream:short)%00%(objectname)%00%(upstream:track)%00%(upstream:remotename)%00%(upstream:remoteref) refs/heads/main refs/remotes/main [3ms]
2023-07-20 10:21:34.604 [info] > git for-each-ref --sort -committerdate --format %(refname) %(objectname) %(*objectname) [2ms]
2023-07-20 10:21:34.623 [info] > git status -z -uall [45ms]
2023-07-20 10:23:14.054 [info] > git config --get commit.template [11ms]
2023-07-20 10:23:14.062 [info] > git for-each-ref --format=%(refname)%00%(upstream:short)%00%(objectname)%00%(upstream:track)%00%(upstream:remotename)%00%(upstream:remoteref) refs/heads/main refs/remotes/main [8ms]
2023-07-20 10:23:14.074 [info] > git ls-files --stage -- /home/tuandat/tuandat17/index.html [13ms]
2023-07-20 10:23:14.082 [info] > git for-each-ref --sort -committerdate --format %(refname) %(objectname) %(*objectname) [8ms]
2023-07-20 10:23:14.084 [info] > git cat-file -s 53b923449576e0f3b3757f7cc9e55474cf422984 [3ms]
2023-07-20 10:23:14.107 [info] > git show --textconv :tuandat17/index.html [4ms]
2023-07-20 10:23:14.128 [info] > git status -z -uall [60ms]
2023-07-20 10:23:19.233 [info] > git config --get commit.template [1ms]
2023-07-20 10:23:19.242 [info] > git for-each-ref --format=%(refname)%00%(upstream:short)%00%(objectname)%00%(upstream:track)%00%(upstream:remotename)%00%(upstream:remoteref) refs/heads/main refs/remotes/main [1ms]
2023-07-20 10:23:19.258 [info] > git for-each-ref --sort -committerdate --format %(refname) %(objectname) %(*objectname) [2ms]
2023-07-20 10:23:19.276 [info] > git status -z -uall [27ms]
2023-07-20 10:23:45.609 [info] > git config --get commit.template [8ms]
2023-07-20 10:23:45.611 [info] > git for-each-ref --format=%(refname)%00%(upstream:short)%00%(objectname)%00%(upstream:track)%00%(upstream:remotename)%00%(upstream:remoteref) refs/heads/main refs/remotes/main [3ms]
2023-07-20 10:23:45.647 [info] > git for-each-ref --sort -committerdate --format %(refname) %(objectname) %(*objectname) [14ms]
2023-07-20 10:23:45.649 [info] > git ls-files --stage -- /home/tuandat/tuandat17/index.html [3ms]
2023-07-20 10:23:45.657 [info] > git cat-file -s 53b923449576e0f3b3757f7cc9e55474cf422984 [2ms]
2023-07-20 10:23:45.691 [info] > git status -z -uall [73ms]
2023-07-20 10:23:45.691 [info] > git show --textconv :tuandat17/index.html [4ms]
2023-07-20 10:23:50.809 [info] > git config --get commit.template [1ms]
2023-07-20 10:23:50.818 [info] > git for-each-ref --format=%(refname)%00%(upstream:short)%00%(objectname)%00%(upstream:track)%00%(upstream:remotename)%00%(upstream:remoteref) refs/heads/main refs/remotes/main [1ms]
2023-07-20 10:23:50.835 [info] > git for-each-ref --sort -committerdate --format %(refname) %(objectname) %(*objectname) [2ms]
2023-07-20 10:23:50.853 [info] > git status -z -uall [27ms]
2023-07-20 10:23:55.935 [info] > git config --get commit.template [1ms]
2023-07-20 10:23:55.944 [info] > git for-each-ref --format=%(refname)%00%(upstream:short)%00%(objectname)%00%(upstream:track)%00%(upstream:remotename)%00%(upstream:remoteref) refs/heads/main refs/remotes/main [1ms]
2023-07-20 10:23:55.961 [info] > git for-each-ref --sort -committerdate --format %(refname) %(objectname) %(*objectname) [2ms]
2023-07-20 10:23:55.979 [info] > git status -z -uall [28ms]
2023-07-20 10:24:01.069 [info] > git config --get commit.template [2ms]
2023-07-20 10:24:01.078 [info] > git for-each-ref --format=%(refname)%00%(upstream:short)%00%(objectname)%00%(upstream:track)%00%(upstream:remotename)%00%(upstream:remoteref) refs/heads/main refs/remotes/main [1ms]
2023-07-20 10:24:01.094 [info] > git for-each-ref --sort -committerdate --format %(refname) %(objectname) %(*objectname) [2ms]
2023-07-20 10:24:01.115 [info] > git status -z -uall [30ms]
2023-07-20 10:24:06.203 [info] > git config --get commit.template [2ms]
2023-07-20 10:24:06.212 [info] > git for-each-ref --format=%(refname)%00%(upstream:short)%00%(objectname)%00%(upstream:track)%00%(upstream:remotename)%00%(upstream:remoteref) refs/heads/main refs/remotes/main [2ms]
2023-07-20 10:24:06.229 [info] > git for-each-ref --sort -committerdate --format %(refname) %(objectname) %(*objectname) [2ms]
2023-07-20 10:24:06.246 [info] > git status -z -uall [27ms]
2023-07-20 10:24:11.343 [info] > git config --get commit.template [9ms]
2023-07-20 10:24:11.343 [info] > git for-each-ref --format=%(refname)%00%(upstream:short)%00%(objectname)%00%(upstream:track)%00%(upstream:remotename)%00%(upstream:remoteref) refs/heads/main refs/remotes/main [1ms]
2023-07-20 10:24:11.362 [info] > git for-each-ref --sort -committerdate --format %(refname) %(objectname) %(*objectname) [2ms]
2023-07-20 10:24:11.383 [info] > git status -z -uall [32ms]
2023-07-20 10:24:16.479 [info] > git config --get commit.template [1ms]
2023-07-20 10:24:16.490 [info] > git for-each-ref --format=%(refname)%00%(upstream:short)%00%(objectname)%00%(upstream:track)%00%(upstream:remotename)%00%(upstream:remoteref) refs/heads/main refs/remotes/main [1ms]
2023-07-20 10:24:16.509 [info] > git for-each-ref --sort -committerdate --format %(refname) %(objectname) %(*objectname) [2ms]
2023-07-20 10:24:16.525 [info] > git status -z -uall [27ms]
2023-07-20 10:24:21.617 [info] > git config --get commit.template [10ms]
2023-07-20 10:24:21.617 [info] > git for-each-ref --format=%(refname)%00%(upstream:short)%00%(objectname)%00%(upstream:track)%00%(upstream:remotename)%00%(upstream:remoteref) refs/heads/main refs/remotes/main [1ms]
2023-07-20 10:24:21.636 [info] > git for-each-ref --sort -committerdate --format %(refname) %(objectname) %(*objectname) [2ms]
2023-07-20 10:24:21.653 [info] > git status -z -uall [27ms]
2023-07-20 10:24:26.749 [info] > git config --get commit.template [1ms]
2023-07-20 10:24:26.760 [info] > git for-each-ref --format=%(refname)%00%(upstream:short)%00%(objectname)%00%(upstream:track)%00%(upstream:remotename)%00%(upstream:remoteref) refs/heads/main refs/remotes/main [1ms]
2023-07-20 10:24:26.780 [info] > git for-each-ref --sort -committerdate --format %(refname) %(objectname) %(*objectname) [2ms]
2023-07-20 10:24:26.795 [info] > git status -z -uall [26ms]
2023-07-20 10:24:31.881 [info] > git config --get commit.template [2ms]
2023-07-20 10:24:31.890 [info] > git for-each-ref --format=%(refname)%00%(upstream:short)%00%(objectname)%00%(upstream:track)%00%(upstream:remotename)%00%(upstream:remoteref) refs/heads/main refs/remotes/main [2ms]
2023-07-20 10:24:31.907 [info] > git for-each-ref --sort -committerdate --format %(refname) %(objectname) %(*objectname) [2ms]
2023-07-20 10:24:31.927 [info] > git status -z -uall [28ms]
2023-07-20 10:24:37.016 [info] > git config --get commit.template [1ms]
2023-07-20 10:24:37.026 [info] > git for-each-ref --format=%(refname)%00%(upstream:short)%00%(objectname)%00%(upstream:track)%00%(upstream:remotename)%00%(upstream:remoteref) refs/heads/main refs/remotes/main [1ms]
2023-07-20 10:24:37.044 [info] > git for-each-ref --sort -committerdate --format %(refname) %(objectname) %(*objectname) [2ms]
2023-07-20 10:24:37.061 [info] > git status -z -uall [28ms]
2023-07-20 10:24:42.154 [info] > git config --get commit.template [9ms]
2023-07-20 10:24:42.155 [info] > git for-each-ref --format=%(refname)%00%(upstream:short)%00%(objectname)%00%(upstream:track)%00%(upstream:remotename)%00%(upstream:remoteref) refs/heads/main refs/remotes/main [2ms]
2023-07-20 10:24:42.184 [info] > git for-each-ref --sort -committerdate --format %(refname) %(objectname) %(*objectname) [5ms]
2023-07-20 10:24:42.194 [info] > git status -z -uall [25ms]
2023-07-20 10:24:47.285 [info] > git config --get commit.template [2ms]
2023-07-20 10:24:47.294 [info] > git for-each-ref --format=%(refname)%00%(upstream:short)%00%(objectname)%00%(upstream:track)%00%(upstream:remotename)%00%(upstream:remoteref) refs/heads/main refs/remotes/main [1ms]
2023-07-20 10:24:47.312 [info] > git for-each-ref --sort -committerdate --format %(refname) %(objectname) %(*objectname) [2ms]
2023-07-20 10:24:47.330 [info] > git status -z -uall [28ms]
2023-07-20 10:24:52.420 [info] > git config --get commit.template [1ms]
2023-07-20 10:24:52.431 [info] > git for-each-ref --format=%(refname)%00%(upstream:short)%00%(objectname)%00%(upstream:track)%00%(upstream:remotename)%00%(upstream:remoteref) refs/heads/main refs/remotes/main [2ms]
2023-07-20 10:24:52.455 [info] > git for-each-ref --sort -committerdate --format %(refname) %(objectname) %(*objectname) [3ms]
2023-07-20 10:24:52.468 [info] > git status -z -uall [27ms]
